mode: set
github.com/hcp-uw/mosaic/internal/networking/crdt/operations.go:12.18,17.2 1 1
github.com/hcp-uw/mosaic/internal/networking/crdt/operations.go:20.106,23.26 2 1
github.com/hcp-uw/mosaic/internal/networking/crdt/operations.go:23.26,25.3 1 0
github.com/hcp-uw/mosaic/internal/networking/crdt/operations.go:28.2,28.47 1 1
github.com/hcp-uw/mosaic/internal/networking/crdt/operations.go:28.47,30.3 1 0
github.com/hcp-uw/mosaic/internal/networking/crdt/operations.go:33.2,33.41 1 1
github.com/hcp-uw/mosaic/internal/networking/crdt/operations.go:33.41,35.3 1 0
github.com/hcp-uw/mosaic/internal/networking/crdt/operations.go:38.2,38.56 1 1
github.com/hcp-uw/mosaic/internal/networking/crdt/operations.go:38.56,40.56 1 1
github.com/hcp-uw/mosaic/internal/networking/crdt/operations.go:40.56,50.4 2 1
github.com/hcp-uw/mosaic/internal/networking/crdt/operations.go:53.3,53.56 1 1
github.com/hcp-uw/mosaic/internal/networking/crdt/operations.go:53.56,54.74 1 0
github.com/hcp-uw/mosaic/internal/networking/crdt/operations.go:54.74,64.5 2 0
github.com/hcp-uw/mosaic/internal/networking/crdt/operations.go:66.8,76.3 2 1
github.com/hcp-uw/mosaic/internal/networking/crdt/operations.go:78.2,78.20 1 1
github.com/hcp-uw/mosaic/internal/networking/crdt/operations.go:82.112,85.23 2 0
github.com/hcp-uw/mosaic/internal/networking/crdt/operations.go:85.23,87.3 1 0
github.com/hcp-uw/mosaic/internal/networking/crdt/operations.go:90.2,90.42 1 0
github.com/hcp-uw/mosaic/internal/networking/crdt/operations.go:90.42,91.64 1 0
github.com/hcp-uw/mosaic/internal/networking/crdt/operations.go:91.64,93.4 1 0
github.com/hcp-uw/mosaic/internal/networking/crdt/operations.go:96.2,96.46 1 0
github.com/hcp-uw/mosaic/internal/networking/crdt/operations.go:96.46,97.68 1 0
github.com/hcp-uw/mosaic/internal/networking/crdt/operations.go:97.68,99.4 1 0
github.com/hcp-uw/mosaic/internal/networking/crdt/operations.go:103.2,103.42 1 0
github.com/hcp-uw/mosaic/internal/networking/crdt/operations.go:103.42,105.30 2 0
github.com/hcp-uw/mosaic/internal/networking/crdt/operations.go:105.30,107.4 1 0
github.com/hcp-uw/mosaic/internal/networking/crdt/operations.go:111.2,111.58 1 0
github.com/hcp-uw/mosaic/internal/networking/crdt/operations.go:111.58,119.43 2 0
github.com/hcp-uw/mosaic/internal/networking/crdt/operations.go:119.43,121.90 1 0
github.com/hcp-uw/mosaic/internal/networking/crdt/operations.go:121.90,130.5 2 0
github.com/hcp-uw/mosaic/internal/networking/crdt/operations.go:134.3,134.47 1 0
github.com/hcp-uw/mosaic/internal/networking/crdt/operations.go:134.47,136.98 1 0
github.com/hcp-uw/mosaic/internal/networking/crdt/operations.go:136.98,145.5 2 0
github.com/hcp-uw/mosaic/internal/networking/crdt/operations.go:148.3,148.38 1 0
github.com/hcp-uw/mosaic/internal/networking/crdt/operations.go:149.8,158.3 2 0
github.com/hcp-uw/mosaic/internal/networking/crdt/operations.go:160.2,160.20 1 0
github.com/hcp-uw/mosaic/internal/networking/crdt/operations.go:164.52,167.18 2 1
github.com/hcp-uw/mosaic/internal/networking/crdt/operations.go:167.18,169.3 1 0
github.com/hcp-uw/mosaic/internal/networking/crdt/operations.go:172.2,172.50 1 1
github.com/hcp-uw/mosaic/internal/networking/crdt/operations.go:172.50,174.17 2 1
github.com/hcp-uw/mosaic/internal/networking/crdt/operations.go:174.17,176.4 1 0
github.com/hcp-uw/mosaic/internal/networking/crdt/operations.go:177.3,177.43 1 1
github.com/hcp-uw/mosaic/internal/networking/crdt/operations.go:181.2,181.52 1 1
github.com/hcp-uw/mosaic/internal/networking/crdt/operations.go:181.52,183.17 2 0
github.com/hcp-uw/mosaic/internal/networking/crdt/operations.go:183.17,185.4 1 0
github.com/hcp-uw/mosaic/internal/networking/crdt/operations.go:186.3,186.43 1 0
github.com/hcp-uw/mosaic/internal/networking/crdt/operations.go:189.2,189.23 1 1
github.com/hcp-uw/mosaic/internal/networking/crdt/operations.go:193.33,195.46 1 0
github.com/hcp-uw/mosaic/internal/networking/crdt/operations.go:195.46,196.21 1 0
github.com/hcp-uw/mosaic/internal/networking/crdt/operations.go:196.21,198.4 1 0
github.com/hcp-uw/mosaic/internal/networking/crdt/operations.go:200.3,200.42 1 0
github.com/hcp-uw/mosaic/internal/networking/crdt/operations.go:200.42,202.4 1 0
github.com/hcp-uw/mosaic/internal/networking/crdt/operations.go:204.3,204.36 1 0
github.com/hcp-uw/mosaic/internal/networking/crdt/operations.go:204.36,207.4 1 0
github.com/hcp-uw/mosaic/internal/networking/crdt/operations.go:211.2,211.48 1 0
github.com/hcp-uw/mosaic/internal/networking/crdt/operations.go:211.48,212.21 1 0
github.com/hcp-uw/mosaic/internal/networking/crdt/operations.go:212.21,214.4 1 0
github.com/hcp-uw/mosaic/internal/networking/crdt/operations.go:216.3,216.40 1 0
github.com/hcp-uw/mosaic/internal/networking/crdt/operations.go:216.40,217.62 1 0
github.com/hcp-uw/mosaic/internal/networking/crdt/operations.go:217.62,219.5 1 0
github.com/hcp-uw/mosaic/internal/networking/crdt/operations.go:222.4,223.31 2 0
github.com/hcp-uw/mosaic/internal/networking/crdt/operations.go:223.31,226.5 1 0
github.com/hcp-uw/mosaic/internal/networking/crdt/operations.go:229.3,229.44 1 0
github.com/hcp-uw/mosaic/internal/networking/crdt/operations.go:229.44,230.66 1 0
github.com/hcp-uw/mosaic/internal/networking/crdt/operations.go:230.66,232.5 1 0
github.com/hcp-uw/mosaic/internal/networking/crdt/operations.go:236.2,236.12 1 0
github.com/hcp-uw/mosaic/internal/networking/crdt/operations.go:240.30,244.46 2 0
github.com/hcp-uw/mosaic/internal/networking/crdt/operations.go:244.46,260.3 6 0
github.com/hcp-uw/mosaic/internal/networking/crdt/operations.go:263.2,263.48 1 0
github.com/hcp-uw/mosaic/internal/networking/crdt/operations.go:263.48,267.40 2 0
github.com/hcp-uw/mosaic/internal/networking/crdt/operations.go:267.40,283.4 6 0
github.com/hcp-uw/mosaic/internal/networking/crdt/operations.go:286.3,286.44 1 0
github.com/hcp-uw/mosaic/internal/networking/crdt/operations.go:286.44,302.4 6 0
github.com/hcp-uw/mosaic/internal/networking/crdt/operations.go:304.3,304.47 1 0
github.com/hcp-uw/mosaic/internal/networking/crdt/operations.go:307.2,307.14 1 0
github.com/hcp-uw/mosaic/internal/networking/crdt/operations.go:311.41,312.18 1 1
github.com/hcp-uw/mosaic/internal/networking/crdt/operations.go:312.18,314.3 1 1
github.com/hcp-uw/mosaic/internal/networking/crdt/operations.go:317.2,317.52 1 1
github.com/hcp-uw/mosaic/internal/networking/crdt/operations.go:317.52,319.3 1 1
github.com/hcp-uw/mosaic/internal/networking/crdt/operations.go:321.2,321.46 1 1
github.com/hcp-uw/mosaic/internal/networking/crdt/operations.go:321.46,323.14 2 1
github.com/hcp-uw/mosaic/internal/networking/crdt/operations.go:323.14,325.4 1 0
github.com/hcp-uw/mosaic/internal/networking/crdt/operations.go:327.3,327.48 1 1
github.com/hcp-uw/mosaic/internal/networking/crdt/operations.go:327.48,329.4 1 0
github.com/hcp-uw/mosaic/internal/networking/crdt/operations.go:333.2,333.52 1 1
github.com/hcp-uw/mosaic/internal/networking/crdt/operations.go:333.52,335.3 1 0
github.com/hcp-uw/mosaic/internal/networking/crdt/operations.go:337.2,337.48 1 1
github.com/hcp-uw/mosaic/internal/networking/crdt/operations.go:337.48,339.14 2 0
github.com/hcp-uw/mosaic/internal/networking/crdt/operations.go:339.14,341.4 1 0
github.com/hcp-uw/mosaic/internal/networking/crdt/operations.go:343.3,343.51 1 0
github.com/hcp-uw/mosaic/internal/networking/crdt/operations.go:343.51,345.4 1 0
github.com/hcp-uw/mosaic/internal/networking/crdt/operations.go:348.2,348.13 1 1
github.com/hcp-uw/mosaic/internal/networking/crdt/operations.go:352.73,354.35 2 0
github.com/hcp-uw/mosaic/internal/networking/crdt/operations.go:354.35,356.3 1 0
github.com/hcp-uw/mosaic/internal/networking/crdt/operations.go:357.2,357.15 1 0
github.com/hcp-uw/mosaic/internal/networking/crdt/operations.go:361.77,363.35 2 0
github.com/hcp-uw/mosaic/internal/networking/crdt/operations.go:363.35,365.3 1 0
github.com/hcp-uw/mosaic/internal/networking/crdt/operations.go:366.2,366.15 1 0
github.com/hcp-uw/mosaic/internal/networking/crdt/operations.go:370.63,371.41 1 1
github.com/hcp-uw/mosaic/internal/networking/crdt/operations.go:371.41,372.53 1 1
github.com/hcp-uw/mosaic/internal/networking/crdt/operations.go:372.53,374.4 1 1
github.com/hcp-uw/mosaic/internal/networking/crdt/operations.go:376.2,376.14 1 1
github.com/hcp-uw/mosaic/internal/networking/crdt/utils.go:8.47,10.24 2 0
github.com/hcp-uw/mosaic/internal/networking/crdt/utils.go:10.24,12.3 1 0
github.com/hcp-uw/mosaic/internal/networking/crdt/utils.go:14.2,14.30 1 0
github.com/hcp-uw/mosaic/internal/networking/crdt/utils.go:14.30,15.24 1 0
github.com/hcp-uw/mosaic/internal/networking/crdt/utils.go:15.24,17.4 1 0
github.com/hcp-uw/mosaic/internal/networking/crdt/utils.go:18.3,18.24 1 0
github.com/hcp-uw/mosaic/internal/networking/crdt/utils.go:18.24,20.4 1 0
github.com/hcp-uw/mosaic/internal/networking/crdt/utils.go:23.2,23.27 1 0
github.com/hcp-uw/mosaic/internal/networking/crdt/utils.go:23.27,25.3 1 0
github.com/hcp-uw/mosaic/internal/networking/crdt/utils.go:26.2,26.27 1 0
github.com/hcp-uw/mosaic/internal/networking/crdt/utils.go:26.27,28.3 1 0
github.com/hcp-uw/mosaic/internal/networking/crdt/utils.go:29.2,29.10 1 0
github.com/hcp-uw/mosaic/internal/networking/crdt/utils.go:33.63,34.26 1 1
github.com/hcp-uw/mosaic/internal/networking/crdt/utils.go:34.26,36.3 1 0
github.com/hcp-uw/mosaic/internal/networking/crdt/utils.go:38.2,42.33 1 1
github.com/hcp-uw/mosaic/internal/networking/crdt/utils.go:46.70,47.26 1 0
github.com/hcp-uw/mosaic/internal/networking/crdt/utils.go:47.26,49.3 1 0
github.com/hcp-uw/mosaic/internal/networking/crdt/utils.go:51.2,52.83 1 0
github.com/hcp-uw/mosaic/internal/networking/crdt/utils.go:56.71,57.26 1 0
github.com/hcp-uw/mosaic/internal/networking/crdt/utils.go:57.26,59.3 1 0
github.com/hcp-uw/mosaic/internal/networking/crdt/utils.go:61.2,66.33 1 0
github.com/hcp-uw/mosaic/internal/networking/crdt/utils.go:70.79,71.26 1 0
github.com/hcp-uw/mosaic/internal/networking/crdt/utils.go:71.26,73.3 1 0
github.com/hcp-uw/mosaic/internal/networking/crdt/utils.go:75.2,80.33 1 0
github.com/hcp-uw/mosaic/internal/encoding/decode.go:18.75,29.35 6 1
github.com/hcp-uw/mosaic/internal/encoding/decode.go:29.35,34.17 4 1
github.com/hcp-uw/mosaic/internal/encoding/decode.go:34.17,36.12 2 0
github.com/hcp-uw/mosaic/internal/encoding/decode.go:38.3,38.23 1 1
github.com/hcp-uw/mosaic/internal/encoding/decode.go:42.2,44.16 3 1
github.com/hcp-uw/mosaic/internal/encoding/decode.go:44.16,47.3 2 0
github.com/hcp-uw/mosaic/internal/encoding/decode.go:51.2,54.6 4 1
github.com/hcp-uw/mosaic/internal/encoding/decode.go:54.6,55.33 1 1
github.com/hcp-uw/mosaic/internal/encoding/decode.go:55.33,56.9 1 1
github.com/hcp-uw/mosaic/internal/encoding/decode.go:59.3,63.39 4 1
github.com/hcp-uw/mosaic/internal/encoding/decode.go:63.39,64.19 1 1
github.com/hcp-uw/mosaic/internal/encoding/decode.go:64.19,65.13 1 0
github.com/hcp-uw/mosaic/internal/encoding/decode.go:68.4,69.38 2 1
github.com/hcp-uw/mosaic/internal/encoding/decode.go:69.38,78.5 4 1
github.com/hcp-uw/mosaic/internal/encoding/decode.go:81.3,81.13 1 1
github.com/hcp-uw/mosaic/internal/encoding/decode.go:81.13,84.4 2 1
github.com/hcp-uw/mosaic/internal/encoding/decode.go:86.3,87.33 2 1
github.com/hcp-uw/mosaic/internal/encoding/decode.go:87.33,89.25 2 1
github.com/hcp-uw/mosaic/internal/encoding/decode.go:89.25,91.5 1 1
github.com/hcp-uw/mosaic/internal/encoding/decode.go:97.3,97.25 1 1
github.com/hcp-uw/mosaic/internal/encoding/decode.go:97.25,98.9 1 0
github.com/hcp-uw/mosaic/internal/encoding/decode.go:101.3,102.17 2 1
github.com/hcp-uw/mosaic/internal/encoding/decode.go:102.17,104.4 1 0
github.com/hcp-uw/mosaic/internal/encoding/decode.go:106.3,111.19 4 1
github.com/hcp-uw/mosaic/internal/encoding/decode.go:111.19,119.18 6 1
github.com/hcp-uw/mosaic/internal/encoding/decode.go:119.18,121.5 1 0
github.com/hcp-uw/mosaic/internal/encoding/decode.go:122.4,124.22 2 1
github.com/hcp-uw/mosaic/internal/encoding/decode.go:127.3,129.26 3 1
github.com/hcp-uw/mosaic/internal/encoding/decode.go:129.26,131.4 1 1
github.com/hcp-uw/mosaic/internal/encoding/decode.go:133.3,134.30 2 1
github.com/hcp-uw/mosaic/internal/encoding/decode.go:134.30,136.18 2 1
github.com/hcp-uw/mosaic/internal/encoding/decode.go:136.18,138.5 1 0
github.com/hcp-uw/mosaic/internal/encoding/decode.go:139.4,140.21 2 1
github.com/hcp-uw/mosaic/internal/encoding/decode.go:144.2,144.12 1 1
github.com/hcp-uw/mosaic/internal/encoding/decode.go:147.42,148.21 1 1
github.com/hcp-uw/mosaic/internal/encoding/decode.go:148.21,150.3 1 1
github.com/hcp-uw/mosaic/internal/encoding/decode.go:151.2,153.18 2 1
github.com/hcp-uw/mosaic/internal/encoding/decode.go:154.19,155.16 1 0
github.com/hcp-uw/mosaic/internal/encoding/decode.go:156.20,157.16 1 0
github.com/hcp-uw/mosaic/internal/encoding/decode.go:158.25,159.16 1 0
github.com/hcp-uw/mosaic/internal/encoding/decode.go:160.35,161.16 1 0
github.com/hcp-uw/mosaic/internal/encoding/decode.go:162.10,163.16 1 1
github.com/hcp-uw/mosaic/internal/encoding/encode.go:14.61,20.55 5 1
github.com/hcp-uw/mosaic/internal/encoding/encode.go:20.55,22.3 1 0
github.com/hcp-uw/mosaic/internal/encoding/encode.go:24.2,25.28 2 1
github.com/hcp-uw/mosaic/internal/encoding/encode.go:25.28,29.17 4 1
github.com/hcp-uw/mosaic/internal/encoding/encode.go:29.17,31.4 1 0
github.com/hcp-uw/mosaic/internal/encoding/encode.go:33.3,34.21 2 1
github.com/hcp-uw/mosaic/internal/encoding/encode.go:37.2,38.16 2 1
github.com/hcp-uw/mosaic/internal/encoding/encode.go:38.16,40.3 1 0
github.com/hcp-uw/mosaic/internal/encoding/encode.go:41.2,43.6 2 1
github.com/hcp-uw/mosaic/internal/encoding/encode.go:43.6,45.20 2 1
github.com/hcp-uw/mosaic/internal/encoding/encode.go:45.20,46.9 1 0
github.com/hcp-uw/mosaic/internal/encoding/encode.go:48.3,48.33 1 1
github.com/hcp-uw/mosaic/internal/encoding/encode.go:48.33,49.56 1 1
github.com/hcp-uw/mosaic/internal/encoding/encode.go:49.56,51.5 1 1
github.com/hcp-uw/mosaic/internal/encoding/encode.go:52.9,52.24 1 1
github.com/hcp-uw/mosaic/internal/encoding/encode.go:52.24,54.4 1 0
github.com/hcp-uw/mosaic/internal/encoding/encode.go:55.3,56.17 2 1
github.com/hcp-uw/mosaic/internal/encoding/encode.go:56.17,58.4 1 0
github.com/hcp-uw/mosaic/internal/encoding/encode.go:60.3,62.34 3 1
github.com/hcp-uw/mosaic/internal/encoding/encode.go:62.34,64.19 2 1
github.com/hcp-uw/mosaic/internal/encoding/encode.go:64.19,66.64 2 1
github.com/hcp-uw/mosaic/internal/encoding/encode.go:66.64,67.16 1 0
github.com/hcp-uw/mosaic/internal/encoding/encode.go:72.3,73.41 2 1
github.com/hcp-uw/mosaic/internal/encoding/encode.go:73.41,74.9 1 1
github.com/hcp-uw/mosaic/internal/encoding/encode.go:79.2,80.12 2 1
github.com/hcp-uw/mosaic/internal/encoding/reedSolomon.go:20.100,22.42 1 1
github.com/hcp-uw/mosaic/internal/encoding/reedSolomon.go:22.42,24.3 1 1
github.com/hcp-uw/mosaic/internal/encoding/reedSolomon.go:26.2,28.16 2 1
github.com/hcp-uw/mosaic/internal/encoding/reedSolomon.go:28.16,30.3 1 0
github.com/hcp-uw/mosaic/internal/encoding/reedSolomon.go:32.2,32.47 1 1
github.com/hcp-uw/mosaic/internal/encoding/reedSolomon.go:32.47,34.3 1 1
github.com/hcp-uw/mosaic/internal/encoding/reedSolomon.go:35.2,35.48 1 1
github.com/hcp-uw/mosaic/internal/encoding/reedSolomon.go:35.48,37.3 1 0
github.com/hcp-uw/mosaic/internal/encoding/reedSolomon.go:39.2,51.24 2 1
github.com/hcp-uw/mosaic/internal/encoding/reedSolomon.go:54.40,57.24 2 1
github.com/hcp-uw/mosaic/internal/encoding/reedSolomon.go:57.24,59.3 1 1
github.com/hcp-uw/mosaic/internal/encoding/reedSolomon.go:61.2,61.19 1 1
github.com/hcp-uw/mosaic/internal/encoding/reedSolomon.go:61.19,63.3 1 0
github.com/hcp-uw/mosaic/internal/encoding/reedSolomon.go:65.2,65.16 1 1
github.com/hcp-uw/mosaic/internal/encoding/reedSolomon.go:65.16,67.3 1 0
github.com/hcp-uw/mosaic/internal/encoding/reedSolomon.go:68.2,68.12 1 1
github.com/hcp-uw/mosaic/internal/networking/transport/mock.go:33.53,41.2 2 1
github.com/hcp-uw/mosaic/internal/networking/transport/mock.go:44.73,60.2 5 0
github.com/hcp-uw/mosaic/internal/networking/transport/mock.go:63.55,67.14 3 1
github.com/hcp-uw/mosaic/internal/networking/transport/mock.go:67.14,69.3 1 0
github.com/hcp-uw/mosaic/internal/networking/transport/mock.go:72.2,72.22 1 1
github.com/hcp-uw/mosaic/internal/networking/transport/mock.go:72.22,74.3 1 0
github.com/hcp-uw/mosaic/internal/networking/transport/mock.go:76.2,76.25 1 1
github.com/hcp-uw/mosaic/internal/networking/transport/mock.go:76.25,78.3 1 0
github.com/hcp-uw/mosaic/internal/networking/transport/mock.go:81.2,86.35 4 1
github.com/hcp-uw/mosaic/internal/networking/transport/mock.go:86.35,88.79 1 0
github.com/hcp-uw/mosaic/internal/networking/transport/mock.go:88.80,90.4 0 0
github.com/hcp-uw/mosaic/internal/networking/transport/mock.go:93.2,93.23 1 1
github.com/hcp-uw/mosaic/internal/networking/transport/mock.go:97.77,101.14 3 1
github.com/hcp-uw/mosaic/internal/networking/transport/mock.go:101.14,103.3 1 0
github.com/hcp-uw/mosaic/internal/networking/transport/mock.go:106.2,106.21 1 1
github.com/hcp-uw/mosaic/internal/networking/transport/mock.go:106.21,108.3 1 0
github.com/hcp-uw/mosaic/internal/networking/transport/mock.go:110.2,110.24 1 1
github.com/hcp-uw/mosaic/internal/networking/transport/mock.go:110.24,112.3 1 0
github.com/hcp-uw/mosaic/internal/networking/transport/mock.go:115.2,115.66 1 1
github.com/hcp-uw/mosaic/internal/networking/transport/mock.go:115.66,121.3 1 0
github.com/hcp-uw/mosaic/internal/networking/transport/mock.go:124.2,124.35 1 1
github.com/hcp-uw/mosaic/internal/networking/transport/mock.go:124.35,130.3 4 1
github.com/hcp-uw/mosaic/internal/networking/transport/mock.go:133.2,133.30 1 1
github.com/hcp-uw/mosaic/internal/networking/transport/mock.go:133.30,136.24 2 1
github.com/hcp-uw/mosaic/internal/networking/transport/mock.go:136.24,138.4 1 1
github.com/hcp-uw/mosaic/internal/networking/transport/mock.go:140.3,144.4 1 1
github.com/hcp-uw/mosaic/internal/networking/transport/mock.go:148.2,148.48 1 0
github.com/hcp-uw/mosaic/internal/networking/transport/mock.go:152.58,156.29 3 1
github.com/hcp-uw/mosaic/internal/networking/transport/mock.go:156.29,158.3 1 0
github.com/hcp-uw/mosaic/internal/networking/transport/mock.go:160.2,161.12 2 1
github.com/hcp-uw/mosaic/internal/networking/transport/mock.go:165.37,169.25 3 0
github.com/hcp-uw/mosaic/internal/networking/transport/mock.go:169.25,171.3 1 0
github.com/hcp-uw/mosaic/internal/networking/transport/mock.go:174.2,174.40 1 0
github.com/hcp-uw/mosaic/internal/networking/transport/mock.go:174.40,176.3 1 0
github.com/hcp-uw/mosaic/internal/networking/transport/mock.go:178.2,179.12 2 0
github.com/hcp-uw/mosaic/internal/networking/transport/mock.go:185.49,191.35 4 1
github.com/hcp-uw/mosaic/internal/networking/transport/mock.go:191.35,194.3 2 1
github.com/hcp-uw/mosaic/internal/networking/transport/mock.go:195.2,195.15 1 1
github.com/hcp-uw/mosaic/internal/networking/transport/mock.go:199.48,206.2 5 1
github.com/hcp-uw/mosaic/internal/networking/transport/mock.go:209.48,213.2 3 0
github.com/hcp-uw/mosaic/internal/networking/transport/mock.go:216.47,220.2 3 0
github.com/hcp-uw/mosaic/internal/networking/transport/mock.go:223.58,227.2 3 0
github.com/hcp-uw/mosaic/internal/networking/transport/mock.go:230.57,234.2 3 0
github.com/hcp-uw/mosaic/internal/networking/transport/mock.go:237.31,250.2 11 0
github.com/hcp-uw/mosaic/internal/networking/transport/mock.go:255.41,255.61 1 0
github.com/hcp-uw/mosaic/internal/networking/transport/mock.go:256.41,256.56 1 0
github.com/hcp-uw/mosaic/internal/networking/transport/mock.go:257.41,257.56 1 0
github.com/hcp-uw/mosaic/internal/networking/transport/mock.go:272.40,277.2 1 1
github.com/hcp-uw/mosaic/internal/networking/transport/mock.go:280.49,285.2 1 0
github.com/hcp-uw/mosaic/internal/networking/transport/mock.go:288.102,292.24 3 1
github.com/hcp-uw/mosaic/internal/networking/transport/mock.go:292.24,294.3 1 0
github.com/hcp-uw/mosaic/internal/networking/transport/mock.go:296.2,299.49 2 1
github.com/hcp-uw/mosaic/internal/networking/transport/mock.go:299.49,301.3 1 0
github.com/hcp-uw/mosaic/internal/networking/transport/mock.go:303.2,304.18 2 1
github.com/hcp-uw/mosaic/internal/networking/transport/mock.go:304.18,309.3 3 0
github.com/hcp-uw/mosaic/internal/networking/transport/mock.go:309.8,311.3 1 1
github.com/hcp-uw/mosaic/internal/networking/transport/mock.go:313.2,314.18 2 1
github.com/hcp-uw/mosaic/internal/networking/transport/mock.go:318.65,322.2 3 1
github.com/hcp-uw/mosaic/internal/networking/transport/mock.go:325.49,329.2 3 0
github.com/hcp-uw/mosaic/internal/networking/transport/mock.go:332.33,340.18 6 0
github.com/hcp-uw/mosaic/internal/networking/transport/mock.go:340.18,342.3 1 0
github.com/hcp-uw/mosaic/internal/networking/transport/mock.go:357.77,361.2 3 0
github.com/hcp-uw/mosaic/internal/networking/transport/mock.go:364.60,368.2 3 0
github.com/hcp-uw/mosaic/internal/networking/transport/mock.go:371.75,376.13 4 0
github.com/hcp-uw/mosaic/internal/networking/transport/mock.go:376.13,378.3 1 0
github.com/hcp-uw/mosaic/internal/networking/transport/mock.go:381.2,382.12 2 0
github.com/hcp-uw/mosaic/internal/networking/transport/mock.go:386.66,390.2 3 0
github.com/hcp-uw/mosaic/internal/networking/transport/mock.go:393.34,397.2 3 0
github.com/hcp-uw/mosaic/internal/networking/transport/mock.go:400.41,402.2 1 0
github.com/hcp-uw/mosaic/internal/networking/transport/mock.go:414.74,430.2 4 0
github.com/hcp-uw/mosaic/internal/networking/transport/mock.go:433.55,436.2 0 0
github.com/hcp-uw/mosaic/internal/networking/transport/mock.go:439.35,444.2 1 0
github.com/hcp-uw/mosaic/internal/networking/transport/udp.go:30.55,32.2 1 0
github.com/hcp-uw/mosaic/internal/networking/transport/udp.go:35.77,37.2 1 0
github.com/hcp-uw/mosaic/internal/networking/transport/udp.go:40.58,42.2 1 0
github.com/hcp-uw/mosaic/internal/networking/transport/udp.go:45.37,47.2 1 0
github.com/hcp-uw/mosaic/internal/networking/transport/udp.go:56.102,58.16 2 0
github.com/hcp-uw/mosaic/internal/networking/transport/udp.go:58.16,60.3 1 0
github.com/hcp-uw/mosaic/internal/networking/transport/udp.go:61.2,61.41 1 0
github.com/hcp-uw/mosaic/internal/networking/protocol/handlers.go:14.87,15.49 1 1
github.com/hcp-uw/mosaic/internal/networking/protocol/handlers.go:15.49,18.62 2 1
github.com/hcp-uw/mosaic/internal/networking/protocol/handlers.go:18.62,20.4 1 0
github.com/hcp-uw/mosaic/internal/networking/protocol/handlers.go:23.3,23.47 1 1
github.com/hcp-uw/mosaic/internal/networking/protocol/handlers.go:23.47,25.4 1 0
github.com/hcp-uw/mosaic/internal/networking/protocol/handlers.go:28.3,28.87 1 1
github.com/hcp-uw/mosaic/internal/networking/protocol/handlers.go:33.116,43.16 3 1
github.com/hcp-uw/mosaic/internal/networking/protocol/handlers.go:43.16,45.3 1 0
github.com/hcp-uw/mosaic/internal/networking/protocol/handlers.go:48.2,48.32 1 1
github.com/hcp-uw/mosaic/internal/networking/protocol/handlers.go:52.79,53.49 1 0
github.com/hcp-uw/mosaic/internal/networking/protocol/handlers.go:53.49,56.62 2 0
github.com/hcp-uw/mosaic/internal/networking/protocol/handlers.go:56.62,58.4 1 0
github.com/hcp-uw/mosaic/internal/networking/protocol/handlers.go:61.3,67.32 2 0
github.com/hcp-uw/mosaic/internal/networking/protocol/handlers.go:77.81,78.49 1 0
github.com/hcp-uw/mosaic/internal/networking/protocol/handlers.go:78.49,81.62 2 0
github.com/hcp-uw/mosaic/internal/networking/protocol/handlers.go:81.62,83.4 1 0
github.com/hcp-uw/mosaic/internal/networking/protocol/handlers.go:86.3,87.47 2 0
github.com/hcp-uw/mosaic/internal/networking/protocol/handlers.go:87.47,89.18 2 0
github.com/hcp-uw/mosaic/internal/networking/protocol/handlers.go:89.18,91.5 1 0
github.com/hcp-uw/mosaic/internal/networking/protocol/handlers.go:93.4,93.38 1 0
github.com/hcp-uw/mosaic/internal/networking/protocol/handlers.go:93.38,95.5 1 0
github.com/hcp-uw/mosaic/internal/networking/protocol/handlers.go:99.3,105.32 2 0
github.com/hcp-uw/mosaic/internal/networking/protocol/handlers.go:110.61,111.49 1 0
github.com/hcp-uw/mosaic/internal/networking/protocol/handlers.go:111.49,114.62 2 0
github.com/hcp-uw/mosaic/internal/networking/protocol/handlers.go:114.62,116.4 1 0
github.com/hcp-uw/mosaic/internal/networking/protocol/handlers.go:120.3,129.32 3 0
github.com/hcp-uw/mosaic/internal/networking/protocol/handlers.go:139.116,140.49 1 0
github.com/hcp-uw/mosaic/internal/networking/protocol/handlers.go:140.49,143.62 2 0
github.com/hcp-uw/mosaic/internal/networking/protocol/handlers.go:143.62,145.4 1 0
github.com/hcp-uw/mosaic/internal/networking/protocol/handlers.go:148.3,153.52 4 0
github.com/hcp-uw/mosaic/internal/networking/protocol/handlers.go:153.52,155.4 1 0
github.com/hcp-uw/mosaic/internal/networking/protocol/handlers.go:158.3,165.32 2 0
github.com/hcp-uw/mosaic/internal/networking/protocol/messages.go:103.104,105.2 1 1
github.com/hcp-uw/mosaic/internal/networking/protocol/messages.go:107.107,109.2 1 1
github.com/hcp-uw/mosaic/internal/networking/protocol/messages.go:111.119,113.2 1 1
github.com/hcp-uw/mosaic/internal/networking/protocol/router.go:15.69,24.2 3 1
github.com/hcp-uw/mosaic/internal/networking/protocol/router.go:27.100,40.2 7 0
github.com/hcp-uw/mosaic/internal/networking/protocol/router.go:43.108,45.2 1 1
github.com/hcp-uw/mosaic/internal/networking/protocol/router.go:48.73,54.67 2 1
github.com/hcp-uw/mosaic/internal/networking/protocol/router.go:54.67,56.3 1 0
github.com/hcp-uw/mosaic/internal/networking/protocol/router.go:59.2,60.13 2 1
github.com/hcp-uw/mosaic/internal/networking/protocol/router.go:60.13,62.3 1 1
github.com/hcp-uw/mosaic/internal/networking/protocol/router.go:65.2,65.28 1 1
github.com/hcp-uw/mosaic/internal/networking/crypto/signed_data.go:20.90,25.16 3 1
github.com/hcp-uw/mosaic/internal/networking/crypto/signed_data.go:25.16,27.3 1 0
github.com/hcp-uw/mosaic/internal/networking/crypto/signed_data.go:29.2,42.8 4 1
github.com/hcp-uw/mosaic/internal/networking/crypto/signed_data.go:46.70,48.54 2 1
github.com/hcp-uw/mosaic/internal/networking/crypto/signed_data.go:48.54,50.3 1 0
github.com/hcp-uw/mosaic/internal/networking/crypto/signed_data.go:53.2,53.53 1 1
github.com/hcp-uw/mosaic/internal/networking/crypto/signed_data.go:53.53,55.3 1 0
github.com/hcp-uw/mosaic/internal/networking/crypto/signed_data.go:57.2,57.21 1 1
github.com/hcp-uw/mosaic/internal/networking/crypto/signed_data.go:61.40,63.16 2 1
github.com/hcp-uw/mosaic/internal/networking/crypto/signed_data.go:63.16,65.3 1 0
github.com/hcp-uw/mosaic/internal/networking/crypto/signed_data.go:67.2,69.56 2 1
github.com/hcp-uw/mosaic/internal/networking/crypto/signed_data.go:69.56,71.3 1 1
github.com/hcp-uw/mosaic/internal/networking/crypto/signed_data.go:73.2,73.12 1 1
github.com/hcp-uw/mosaic/internal/networking/crypto/signed_data.go:83.137,89.44 2 1
github.com/hcp-uw/mosaic/internal/networking/crypto/signed_data.go:89.44,91.3 1 1
github.com/hcp-uw/mosaic/internal/networking/crypto/signed_data.go:93.2,93.18 1 1
github.com/hcp-uw/mosaic/internal/networking/crypto/signed_data.go:97.59,99.35 1 1
github.com/hcp-uw/mosaic/internal/networking/crypto/signed_data.go:99.35,101.3 1 0
github.com/hcp-uw/mosaic/internal/networking/crypto/signed_data.go:104.2,104.45 1 1
github.com/hcp-uw/mosaic/internal/networking/crypto/signed_data.go:104.45,107.3 1 1
github.com/hcp-uw/mosaic/internal/networking/crypto/signed_data.go:109.2,109.12 1 1
github.com/hcp-uw/mosaic/internal/networking/connection/connection.go:36.82,38.2 1 0
github.com/hcp-uw/mosaic/internal/networking/connection/connection.go:41.116,43.16 2 0
github.com/hcp-uw/mosaic/internal/networking/connection/connection.go:43.16,45.3 1 0
github.com/hcp-uw/mosaic/internal/networking/connection/connection.go:48.2,51.16 3 0
github.com/hcp-uw/mosaic/internal/networking/connection/connection.go:55.153,57.16 2 1
github.com/hcp-uw/mosaic/internal/networking/connection/connection.go:57.16,59.3 1 0
github.com/hcp-uw/mosaic/internal/networking/connection/connection.go:62.2,62.19 1 1
github.com/hcp-uw/mosaic/internal/networking/connection/connection.go:62.19,65.3 2 1
github.com/hcp-uw/mosaic/internal/networking/connection/connection.go:67.2,67.16 1 1
github.com/hcp-uw/mosaic/internal/networking/connection/connection.go:71.198,74.16 2 1
github.com/hcp-uw/mosaic/internal/networking/connection/connection.go:74.16,76.3 1 0
github.com/hcp-uw/mosaic/internal/networking/connection/connection.go:79.2,80.16 2 1
github.com/hcp-uw/mosaic/internal/networking/connection/connection.go:80.16,82.3 1 0
github.com/hcp-uw/mosaic/internal/networking/connection/connection.go:84.2,101.16 5 1
github.com/hcp-uw/mosaic/internal/networking/connection/connection.go:105.123,108.9 2 1
github.com/hcp-uw/mosaic/internal/networking/connection/connection.go:109.23,110.47 1 0
github.com/hcp-uw/mosaic/internal/networking/connection/connection.go:111.10,111.10 0 1
github.com/hcp-uw/mosaic/internal/networking/connection/connection.go:115.2,115.9 1 1
github.com/hcp-uw/mosaic/internal/networking/connection/connection.go:116.33,116.33 0 1
github.com/hcp-uw/mosaic/internal/networking/connection/connection.go:117.10,117.10 0 0
github.com/hcp-uw/mosaic/internal/networking/connection/connection.go:120.2,120.15 1 1
github.com/hcp-uw/mosaic/internal/networking/connection/connection.go:120.15,122.10 1 1
github.com/hcp-uw/mosaic/internal/networking/connection/connection.go:123.35,123.35 0 0
github.com/hcp-uw/mosaic/internal/networking/connection/connection.go:124.11,124.11 0 1
github.com/hcp-uw/mosaic/internal/networking/connection/connection.go:130.2,131.16 2 1
github.com/hcp-uw/mosaic/internal/networking/connection/connection.go:131.16,133.3 1 0
github.com/hcp-uw/mosaic/internal/networking/connection/connection.go:136.2,136.47 1 1
github.com/hcp-uw/mosaic/internal/networking/connection/connection.go:136.47,138.3 1 0
github.com/hcp-uw/mosaic/internal/networking/connection/connection.go:141.2,144.48 3 1
github.com/hcp-uw/mosaic/internal/networking/connection/connection.go:148.97,156.8 4 1
github.com/hcp-uw/mosaic/internal/networking/connection/connection.go:156.8,158.3 1 1
github.com/hcp-uw/mosaic/internal/networking/connection/connection.go:159.2,168.12 4 1
github.com/hcp-uw/mosaic/internal/networking/connection/connection.go:168.12,171.3 2 1
github.com/hcp-uw/mosaic/internal/networking/connection/connection.go:173.2,173.9 1 1
github.com/hcp-uw/mosaic/internal/networking/connection/connection.go:174.20,175.60 1 0
github.com/hcp-uw/mosaic/internal/networking/connection/connection.go:176.25,177.21 1 1
github.com/hcp-uw/mosaic/internal/networking/connection/connection.go:177.21,179.4 1 1
github.com/hcp-uw/mosaic/internal/networking/connection/connection.go:182.3,182.65 1 1
github.com/hcp-uw/mosaic/internal/networking/connection/connection.go:182.65,184.4 1 0
github.com/hcp-uw/mosaic/internal/networking/connection/connection.go:186.3,186.21 1 1
github.com/hcp-uw/mosaic/internal/networking/connection/connection.go:191.72,196.16 4 1
github.com/hcp-uw/mosaic/internal/networking/connection/connection.go:196.16,198.3 1 0
github.com/hcp-uw/mosaic/internal/networking/connection/connection.go:200.2,204.12 4 1
github.com/hcp-uw/mosaic/internal/networking/connection/connection.go:208.59,210.26 2 1
github.com/hcp-uw/mosaic/internal/networking/connection/connection.go:210.26,214.3 3 1
github.com/hcp-uw/mosaic/internal/networking/connection/connection.go:215.2,215.12 1 1
github.com/hcp-uw/mosaic/internal/networking/connection/connection.go:219.67,221.2 1 1
github.com/hcp-uw/mosaic/internal/networking/connection/connection.go:224.57,230.6 4 1
github.com/hcp-uw/mosaic/internal/networking/connection/connection.go:230.6,231.10 1 1
github.com/hcp-uw/mosaic/internal/networking/connection/connection.go:232.24,233.10 1 1
github.com/hcp-uw/mosaic/internal/networking/connection/connection.go:234.19,239.42 4 0
github.com/hcp-uw/mosaic/internal/networking/connection/connection.go:239.42,241.52 1 0
github.com/hcp-uw/mosaic/internal/networking/connection/connection.go:241.52,243.6 1 0
github.com/hcp-uw/mosaic/internal/networking/connection/connection.go:250.70,255.6 3 1
github.com/hcp-uw/mosaic/internal/networking/connection/connection.go:255.6,256.10 1 1
github.com/hcp-uw/mosaic/internal/networking/connection/connection.go:257.24,258.10 1 1
github.com/hcp-uw/mosaic/internal/networking/connection/connection.go:259.28,263.12 2 0
github.com/hcp-uw/mosaic/internal/networking/connection/connection.go:264.11,266.59 1 1
github.com/hcp-uw/mosaic/internal/networking/connection/connection.go:266.59,268.5 1 0
github.com/hcp-uw/mosaic/internal/networking/connection/connection.go:271.4,275.18 4 1
github.com/hcp-uw/mosaic/internal/networking/connection/connection.go:275.18,276.62 1 1
github.com/hcp-uw/mosaic/internal/networking/connection/connection.go:276.62,277.14 1 1
github.com/hcp-uw/mosaic/internal/networking/connection/connection.go:279.5,279.13 1 0
github.com/hcp-uw/mosaic/internal/networking/connection/connection.go:282.4,284.31 2 0
github.com/hcp-uw/mosaic/internal/networking/connection/connection.go:284.31,287.19 2 0
github.com/hcp-uw/mosaic/internal/networking/connection/connection.go:287.19,288.14 1 0
github.com/hcp-uw/mosaic/internal/networking/connection/connection.go:290.10,290.39 1 0
github.com/hcp-uw/mosaic/internal/networking/connection/connection.go:290.39,293.68 2 0
github.com/hcp-uw/mosaic/internal/networking/connection/connection.go:293.68,294.14 1 0
github.com/hcp-uw/mosaic/internal/networking/connection/connection.go:298.5,302.19 3 0
github.com/hcp-uw/mosaic/internal/networking/connection/connection.go:302.19,303.14 1 0
github.com/hcp-uw/mosaic/internal/networking/connection/connection.go:307.4,307.29 1 0
github.com/hcp-uw/mosaic/internal/networking/connection/connection.go:307.29,309.5 1 0
github.com/hcp-uw/mosaic/cmd/mosaic-node/main.go:10.13,15.16 2 0
github.com/hcp-uw/mosaic/cmd/mosaic-node/main.go:15.16,17.3 1 0
github.com/hcp-uw/mosaic/cmd/mosaic-node/main.go:19.2,23.16 3 0
github.com/hcp-uw/mosaic/cmd/mosaic-node/main.go:23.16,25.3 1 0
github.com/hcp-uw/mosaic/cmd/mosaic-node/main.go:34.2,35.16 2 0
github.com/hcp-uw/mosaic/cmd/mosaic-node/main.go:35.16,37.3 1 0
github.com/hcp-uw/mosaic/internal/persistence/crdt_store.go:27.79,41.2 3 1
github.com/hcp-uw/mosaic/internal/persistence/crdt_store.go:63.63,64.21 1 1
github.com/hcp-uw/mosaic/internal/persistence/crdt_store.go:64.21,66.3 1 0
github.com/hcp-uw/mosaic/internal/persistence/crdt_store.go:69.2,69.44 1 1
github.com/hcp-uw/mosaic/internal/persistence/crdt_store.go:69.44,71.3 1 0
github.com/hcp-uw/mosaic/internal/persistence/crdt_store.go:74.2,86.16 3 1
github.com/hcp-uw/mosaic/internal/persistence/crdt_store.go:86.16,88.3 1 0
github.com/hcp-uw/mosaic/internal/persistence/crdt_store.go:89.2,94.16 4 1
github.com/hcp-uw/mosaic/internal/persistence/crdt_store.go:94.16,96.3 1 0
github.com/hcp-uw/mosaic/internal/persistence/crdt_store.go:99.2,100.76 2 1
github.com/hcp-uw/mosaic/internal/persistence/crdt_store.go:100.76,102.3 1 0
github.com/hcp-uw/mosaic/internal/persistence/crdt_store.go:104.2,104.12 1 1
github.com/hcp-uw/mosaic/internal/persistence/crdt_store.go:108.58,111.38 2 1
github.com/hcp-uw/mosaic/internal/persistence/crdt_store.go:111.38,114.3 1 1
github.com/hcp-uw/mosaic/internal/persistence/crdt_store.go:117.2,118.16 2 1
github.com/hcp-uw/mosaic/internal/persistence/crdt_store.go:118.16,120.3 1 0
github.com/hcp-uw/mosaic/internal/persistence/crdt_store.go:122.2,123.77 2 1
github.com/hcp-uw/mosaic/internal/persistence/crdt_store.go:123.77,125.3 1 0
github.com/hcp-uw/mosaic/internal/persistence/crdt_store.go:128.2,128.56 1 1
github.com/hcp-uw/mosaic/internal/persistence/crdt_store.go:128.56,130.3 1 0
github.com/hcp-uw/mosaic/internal/persistence/crdt_store.go:132.2,133.21 2 1
github.com/hcp-uw/mosaic/internal/persistence/crdt_store.go:133.21,135.3 1 0
github.com/hcp-uw/mosaic/internal/persistence/crdt_store.go:138.2,138.81 1 1
github.com/hcp-uw/mosaic/internal/persistence/crdt_store.go:138.81,140.3 1 0
github.com/hcp-uw/mosaic/internal/persistence/crdt_store.go:143.2,143.44 1 1
github.com/hcp-uw/mosaic/internal/persistence/crdt_store.go:143.44,145.3 1 0
github.com/hcp-uw/mosaic/internal/persistence/crdt_store.go:147.2,147.22 1 1
github.com/hcp-uw/mosaic/internal/persistence/crdt_store.go:151.74,153.67 1 1
github.com/hcp-uw/mosaic/internal/persistence/crdt_store.go:153.67,155.3 1 0
github.com/hcp-uw/mosaic/internal/persistence/crdt_store.go:158.2,167.16 3 1
github.com/hcp-uw/mosaic/internal/persistence/crdt_store.go:167.16,169.3 1 0
github.com/hcp-uw/mosaic/internal/persistence/crdt_store.go:172.2,178.63 3 1
github.com/hcp-uw/mosaic/internal/persistence/crdt_store.go:178.63,180.3 1 0
github.com/hcp-uw/mosaic/internal/persistence/crdt_store.go:183.2,184.37 2 1
github.com/hcp-uw/mosaic/internal/persistence/crdt_store.go:184.37,186.17 2 1
github.com/hcp-uw/mosaic/internal/persistence/crdt_store.go:186.17,188.4 1 0
github.com/hcp-uw/mosaic/internal/persistence/crdt_store.go:192.2,195.70 2 1
github.com/hcp-uw/mosaic/internal/persistence/crdt_store.go:195.70,197.3 1 0
github.com/hcp-uw/mosaic/internal/persistence/crdt_store.go:200.2,200.64 1 1
github.com/hcp-uw/mosaic/internal/persistence/crdt_store.go:200.65,203.3 0 0
github.com/hcp-uw/mosaic/internal/persistence/crdt_store.go:205.2,205.12 1 1
github.com/hcp-uw/mosaic/internal/persistence/crdt_store.go:209.84,212.38 2 1
github.com/hcp-uw/mosaic/internal/persistence/crdt_store.go:212.38,214.3 1 1
github.com/hcp-uw/mosaic/internal/persistence/crdt_store.go:216.2,217.16 2 1
github.com/hcp-uw/mosaic/internal/persistence/crdt_store.go:217.16,219.3 1 0
github.com/hcp-uw/mosaic/internal/persistence/crdt_store.go:221.2,224.29 3 1
github.com/hcp-uw/mosaic/internal/persistence/crdt_store.go:224.29,226.17 2 1
github.com/hcp-uw/mosaic/internal/persistence/crdt_store.go:226.17,227.12 1 1
github.com/hcp-uw/mosaic/internal/persistence/crdt_store.go:230.3,231.74 2 1
github.com/hcp-uw/mosaic/internal/persistence/crdt_store.go:231.74,233.12 1 0
github.com/hcp-uw/mosaic/internal/persistence/crdt_store.go:237.3,237.67 1 1
github.com/hcp-uw/mosaic/internal/persistence/crdt_store.go:237.67,239.4 1 1
github.com/hcp-uw/mosaic/internal/persistence/crdt_store.go:242.2,242.24 1 1
github.com/hcp-uw/mosaic/internal/persistence/crdt_store.go:246.50,249.16 2 1
github.com/hcp-uw/mosaic/internal/persistence/crdt_store.go:249.16,251.3 1 0
github.com/hcp-uw/mosaic/internal/persistence/crdt_store.go:254.2,272.16 6 1
github.com/hcp-uw/mosaic/internal/persistence/crdt_store.go:272.16,274.3 1 0
github.com/hcp-uw/mosaic/internal/persistence/crdt_store.go:275.2,280.16 4 1
github.com/hcp-uw/mosaic/internal/persistence/crdt_store.go:280.16,282.3 1 0
github.com/hcp-uw/mosaic/internal/persistence/crdt_store.go:285.2,285.64 1 1
github.com/hcp-uw/mosaic/internal/persistence/crdt_store.go:285.64,287.3 1 0
github.com/hcp-uw/mosaic/internal/persistence/crdt_store.go:290.2,290.77 1 1
github.com/hcp-uw/mosaic/internal/persistence/crdt_store.go:290.77,292.3 1 0
github.com/hcp-uw/mosaic/internal/persistence/crdt_store.go:294.2,294.12 1 1
github.com/hcp-uw/mosaic/internal/persistence/crdt_store.go:298.66,301.16 2 1
github.com/hcp-uw/mosaic/internal/persistence/crdt_store.go:301.16,303.3 1 0
github.com/hcp-uw/mosaic/internal/persistence/crdt_store.go:305.2,305.29 1 1
github.com/hcp-uw/mosaic/internal/persistence/crdt_store.go:305.29,307.3 1 0
github.com/hcp-uw/mosaic/internal/persistence/crdt_store.go:310.2,310.48 1 1
github.com/hcp-uw/mosaic/internal/persistence/crdt_store.go:310.48,312.3 1 0
github.com/hcp-uw/mosaic/internal/persistence/crdt_store.go:315.2,319.16 4 1
github.com/hcp-uw/mosaic/internal/persistence/crdt_store.go:319.16,321.3 1 0
github.com/hcp-uw/mosaic/internal/persistence/crdt_store.go:323.2,324.77 2 1
github.com/hcp-uw/mosaic/internal/persistence/crdt_store.go:324.77,326.3 1 0
github.com/hcp-uw/mosaic/internal/persistence/crdt_store.go:329.2,329.56 1 1
github.com/hcp-uw/mosaic/internal/persistence/crdt_store.go:329.56,331.3 1 0
github.com/hcp-uw/mosaic/internal/persistence/crdt_store.go:333.2,333.31 1 1
github.com/hcp-uw/mosaic/internal/persistence/crdt_store.go:337.72,342.16 3 1
github.com/hcp-uw/mosaic/internal/persistence/crdt_store.go:342.16,343.38 1 1
github.com/hcp-uw/mosaic/internal/persistence/crdt_store.go:343.38,344.44 1 0
github.com/hcp-uw/mosaic/internal/persistence/crdt_store.go:344.44,347.24 2 0
github.com/hcp-uw/mosaic/internal/persistence/crdt_store.go:347.24,350.33 2 0
github.com/hcp-uw/mosaic/internal/persistence/crdt_store.go:350.33,353.7 2 0
github.com/hcp-uw/mosaic/internal/persistence/crdt_store.go:360.2,360.12 1 1
github.com/hcp-uw/mosaic/internal/persistence/crdt_store.go:365.74,366.30 1 1
github.com/hcp-uw/mosaic/internal/persistence/crdt_store.go:366.30,368.3 1 0
github.com/hcp-uw/mosaic/internal/persistence/crdt_store.go:371.2,372.16 2 1
github.com/hcp-uw/mosaic/internal/persistence/crdt_store.go:372.16,374.3 1 0
github.com/hcp-uw/mosaic/internal/persistence/crdt_store.go:376.2,379.43 3 1
github.com/hcp-uw/mosaic/internal/persistence/crdt_store.go:379.43,381.3 1 0
github.com/hcp-uw/mosaic/internal/persistence/crdt_store.go:384.2,384.37 1 1
github.com/hcp-uw/mosaic/internal/persistence/crdt_store.go:387.94,389.16 2 1
github.com/hcp-uw/mosaic/internal/persistence/crdt_store.go:389.16,391.3 1 0
github.com/hcp-uw/mosaic/internal/persistence/crdt_store.go:394.2,394.39 1 1
github.com/hcp-uw/mosaic/internal/persistence/crdt_store.go:394.39,395.65 1 0
github.com/hcp-uw/mosaic/internal/persistence/crdt_store.go:395.65,398.12 1 0
github.com/hcp-uw/mosaic/internal/persistence/crdt_store.go:402.2,402.12 1 1
github.com/hcp-uw/mosaic/internal/persistence/crdt_store.go:405.94,406.24 1 0
github.com/hcp-uw/mosaic/internal/persistence/crdt_store.go:407.26,410.13 1 0
github.com/hcp-uw/mosaic/internal/persistence/crdt_store.go:411.29,413.13 1 0
github.com/hcp-uw/mosaic/internal/persistence/crdt_store.go:414.10,415.66 1 0
github.com/hcp-uw/mosaic/internal/persistence/crdt_store.go:419.51,422.2 1 1
github.com/hcp-uw/mosaic/internal/persistence/crdt_store.go:424.46,427.2 1 1
github.com/hcp-uw/mosaic/internal/persistence/crdt_store.go:432.40,434.2 1 1
github.com/hcp-uw/mosaic/internal/persistence/crdt_store.go:436.54,440.2 2 0
github.com/hcp-uw/mosaic/internal/persistence/crdt_store.go:442.64,445.2 2 0
github.com/hcp-uw/mosaic/internal/persistence/crdt_store.go:447.84,450.2 2 0
github.com/hcp-uw/mosaic/internal/persistence/crdt_store.go:452.75,453.26 1 1
github.com/hcp-uw/mosaic/internal/persistence/crdt_store.go:453.26,455.3 1 0
github.com/hcp-uw/mosaic/internal/persistence/crdt_store.go:457.2,457.34 1 1
github.com/hcp-uw/mosaic/internal/persistence/crdt_store.go:457.34,459.3 1 0
github.com/hcp-uw/mosaic/internal/persistence/crdt_store.go:461.2,461.27 1 1
github.com/hcp-uw/mosaic/internal/persistence/crdt_store.go:461.27,463.3 1 0
github.com/hcp-uw/mosaic/internal/persistence/crdt_store.go:465.2,465.12 1 1
github.com/hcp-uw/mosaic/internal/persistence/crdt_store.go:473.54,475.2 1 0
github.com/hcp-uw/mosaic/internal/persistence/crdt_store.go:478.85,479.25 1 0
github.com/hcp-uw/mosaic/internal/persistence/crdt_store.go:479.25,481.3 1 0
github.com/hcp-uw/mosaic/internal/persistence/crdt_store.go:483.2,483.25 1 0
github.com/hcp-uw/mosaic/internal/persistence/crdt_store.go:483.25,485.3 1 0
github.com/hcp-uw/mosaic/internal/persistence/crdt_store.go:488.2,491.38 2 0
github.com/hcp-uw/mosaic/internal/persistence/crdt_store.go:491.38,493.17 2 0
github.com/hcp-uw/mosaic/internal/persistence/crdt_store.go:493.17,495.4 1 0
github.com/hcp-uw/mosaic/internal/persistence/crdt_store.go:498.3,498.13 1 0
github.com/hcp-uw/mosaic/internal/persistence/crdt_store.go:501.2,501.24 1 0
github.com/hcp-uw/mosaic/internal/persistence/filestore.go:20.73,22.51 1 1
github.com/hcp-uw/mosaic/internal/persistence/filestore.go:22.51,28.3 1 0
github.com/hcp-uw/mosaic/internal/persistence/filestore.go:30.2,32.8 1 1
github.com/hcp-uw/mosaic/internal/persistence/filestore.go:36.69,44.47 5 1
github.com/hcp-uw/mosaic/internal/persistence/filestore.go:44.47,50.3 1 0
github.com/hcp-uw/mosaic/internal/persistence/filestore.go:53.2,53.59 1 1
github.com/hcp-uw/mosaic/internal/persistence/filestore.go:53.59,59.3 1 0
github.com/hcp-uw/mosaic/internal/persistence/filestore.go:61.2,61.12 1 1
github.com/hcp-uw/mosaic/internal/persistence/filestore.go:65.75,73.47 5 1
github.com/hcp-uw/mosaic/internal/persistence/filestore.go:73.47,79.3 1 0
github.com/hcp-uw/mosaic/internal/persistence/filestore.go:82.2,83.16 2 1
github.com/hcp-uw/mosaic/internal/persistence/filestore.go:83.16,89.3 1 0
github.com/hcp-uw/mosaic/internal/persistence/filestore.go:92.2,92.15 1 1
github.com/hcp-uw/mosaic/internal/persistence/filestore.go:92.15,93.68 1 1
github.com/hcp-uw/mosaic/internal/persistence/filestore.go:93.69,95.4 0 0
github.com/hcp-uw/mosaic/internal/persistence/filestore.go:99.2,99.59 1 1
github.com/hcp-uw/mosaic/internal/persistence/filestore.go:99.59,105.3 1 0
github.com/hcp-uw/mosaic/internal/persistence/filestore.go:108.2,108.54 1 1
github.com/hcp-uw/mosaic/internal/persistence/filestore.go:108.54,114.3 1 0
github.com/hcp-uw/mosaic/internal/persistence/filestore.go:116.2,116.12 1 1
github.com/hcp-uw/mosaic/internal/persistence/filestore.go:120.65,126.16 5 1
github.com/hcp-uw/mosaic/internal/persistence/filestore.go:126.16,132.3 1 0
github.com/hcp-uw/mosaic/internal/persistence/filestore.go:134.2,134.18 1 1
github.com/hcp-uw/mosaic/internal/persistence/filestore.go:138.56,145.2 5 1
github.com/hcp-uw/mosaic/internal/persistence/filestore.go:148.57,153.67 4 1
github.com/hcp-uw/mosaic/internal/persistence/filestore.go:153.67,159.3 1 0
github.com/hcp-uw/mosaic/internal/persistence/filestore.go:161.2,161.12 1 1
github.com/hcp-uw/mosaic/internal/persistence/filestore.go:165.60,170.52 4 1
github.com/hcp-uw/mosaic/internal/persistence/filestore.go:170.52,176.3 1 0
github.com/hcp-uw/mosaic/internal/persistence/filestore.go:178.2,178.12 1 1
github.com/hcp-uw/mosaic/internal/persistence/filestore.go:182.71,188.16 5 1
github.com/hcp-uw/mosaic/internal/persistence/filestore.go:188.16,194.3 1 0
github.com/hcp-uw/mosaic/internal/persistence/filestore.go:196.2,197.32 2 1
github.com/hcp-uw/mosaic/internal/persistence/filestore.go:197.32,198.21 1 1
github.com/hcp-uw/mosaic/internal/persistence/filestore.go:198.21,200.4 1 1
github.com/hcp-uw/mosaic/internal/persistence/filestore.go:203.2,203.19 1 1
github.com/hcp-uw/mosaic/internal/persistence/filestore.go:207.81,216.53 6 0
github.com/hcp-uw/mosaic/internal/persistence/filestore.go:216.53,222.3 1 0
github.com/hcp-uw/mosaic/internal/persistence/filestore.go:225.2,225.65 1 0
github.com/hcp-uw/mosaic/internal/persistence/filestore.go:225.65,231.3 1 0
github.com/hcp-uw/mosaic/internal/persistence/filestore.go:233.2,233.12 1 0
github.com/hcp-uw/mosaic/internal/persistence/filestore.go:237.45,240.2 1 1
github.com/hcp-uw/mosaic/internal/persistence/filestore.go:245.60,247.2 1 1
github.com/hcp-uw/mosaic/internal/persistence/filestore.go:250.74,253.45 2 1
github.com/hcp-uw/mosaic/internal/persistence/filestore.go:253.45,255.3 1 0
github.com/hcp-uw/mosaic/internal/persistence/filestore.go:257.2,258.42 2 1
github.com/hcp-uw/mosaic/internal/persistence/filestore.go:262.63,264.16 2 0
github.com/hcp-uw/mosaic/internal/persistence/filestore.go:264.16,266.3 1 0
github.com/hcp-uw/mosaic/internal/persistence/filestore.go:267.2,270.16 3 0
github.com/hcp-uw/mosaic/internal/persistence/filestore.go:270.16,272.3 1 0
github.com/hcp-uw/mosaic/internal/persistence/filestore.go:273.2,276.16 3 0
github.com/hcp-uw/mosaic/internal/persistence/filestore.go:276.16,278.3 1 0
github.com/hcp-uw/mosaic/internal/persistence/filestore.go:281.2,281.24 1 0
github.com/hcp-uw/mosaic/internal/persistence/filestore.go:291.85,296.2 1 0
github.com/hcp-uw/mosaic/internal/persistence/filestore.go:299.80,301.26 1 0
github.com/hcp-uw/mosaic/internal/persistence/filestore.go:301.26,302.54 1 0
github.com/hcp-uw/mosaic/internal/persistence/filestore.go:302.54,304.4 1 0
github.com/hcp-uw/mosaic/internal/persistence/filestore.go:308.2,308.60 1 0
github.com/hcp-uw/mosaic/internal/persistence/filestore.go:308.60,310.3 1 0
github.com/hcp-uw/mosaic/internal/persistence/filestore.go:313.2,313.26 1 0
github.com/hcp-uw/mosaic/internal/persistence/filestore.go:313.26,316.73 3 0
github.com/hcp-uw/mosaic/internal/persistence/filestore.go:316.73,320.4 2 0
github.com/hcp-uw/mosaic/internal/persistence/filestore.go:323.2,323.12 1 0
github.com/hcp-uw/mosaic/internal/persistence/filestore.go:327.76,330.16 2 0
github.com/hcp-uw/mosaic/internal/persistence/filestore.go:330.16,332.3 1 0
github.com/hcp-uw/mosaic/internal/persistence/filestore.go:335.2,335.26 1 0
github.com/hcp-uw/mosaic/internal/persistence/filestore.go:335.26,337.39 2 0
github.com/hcp-uw/mosaic/internal/persistence/filestore.go:337.39,339.18 2 0
github.com/hcp-uw/mosaic/internal/persistence/filestore.go:339.18,341.5 1 0
github.com/hcp-uw/mosaic/internal/persistence/filestore.go:343.4,343.61 1 0
github.com/hcp-uw/mosaic/internal/persistence/filestore.go:343.61,345.5 1 0
github.com/hcp-uw/mosaic/internal/persistence/filestore.go:350.2,350.26 1 0
github.com/hcp-uw/mosaic/internal/persistence/filestore.go:350.26,351.54 1 0
github.com/hcp-uw/mosaic/internal/persistence/filestore.go:351.54,353.4 1 0
github.com/hcp-uw/mosaic/internal/persistence/filestore.go:356.2,356.18 1 0
github.com/hcp-uw/mosaic/internal/persistence/filestore.go:367.87,373.2 1 1
github.com/hcp-uw/mosaic/internal/persistence/filestore.go:376.62,377.34 1 1
github.com/hcp-uw/mosaic/internal/persistence/filestore.go:377.34,379.3 1 0
github.com/hcp-uw/mosaic/internal/persistence/filestore.go:382.2,383.16 2 1
github.com/hcp-uw/mosaic/internal/persistence/filestore.go:383.16,385.3 1 0
github.com/hcp-uw/mosaic/internal/persistence/filestore.go:387.2,387.36 1 1
github.com/hcp-uw/mosaic/internal/persistence/filestore.go:387.36,389.3 1 1
github.com/hcp-uw/mosaic/internal/persistence/filestore.go:392.2,392.40 1 0
github.com/hcp-uw/mosaic/internal/persistence/filestore.go:392.40,396.33 3 0
github.com/hcp-uw/mosaic/internal/persistence/filestore.go:396.33,397.26 1 0
github.com/hcp-uw/mosaic/internal/persistence/filestore.go:397.26,400.5 1 0
github.com/hcp-uw/mosaic/internal/persistence/filestore.go:400.10,403.19 2 0
github.com/hcp-uw/mosaic/internal/persistence/filestore.go:403.19,404.14 1 0
github.com/hcp-uw/mosaic/internal/persistence/filestore.go:406.5,407.31 2 0
github.com/hcp-uw/mosaic/internal/persistence/filestore.go:413.2,414.71 2 0
github.com/hcp-uw/mosaic/internal/persistence/filestore.go:414.71,416.3 1 0
github.com/hcp-uw/mosaic/internal/persistence/filestore.go:419.2,419.51 1 0
github.com/hcp-uw/mosaic/internal/persistence/identity.go:22.87,28.2 1 1
github.com/hcp-uw/mosaic/internal/persistence/identity.go:51.96,52.40 1 1
github.com/hcp-uw/mosaic/internal/persistence/identity.go:52.40,54.3 1 0
github.com/hcp-uw/mosaic/internal/persistence/identity.go:57.2,58.43 2 1
github.com/hcp-uw/mosaic/internal/persistence/identity.go:58.43,60.3 1 0
github.com/hcp-uw/mosaic/internal/persistence/identity.go:63.2,64.16 2 1
github.com/hcp-uw/mosaic/internal/persistence/identity.go:64.16,66.3 1 0
github.com/hcp-uw/mosaic/internal/persistence/identity.go:69.2,70.16 2 1
github.com/hcp-uw/mosaic/internal/persistence/identity.go:70.16,72.3 1 0
github.com/hcp-uw/mosaic/internal/persistence/identity.go:74.2,75.16 2 1
github.com/hcp-uw/mosaic/internal/persistence/identity.go:75.16,77.3 1 0
github.com/hcp-uw/mosaic/internal/persistence/identity.go:80.2,81.44 2 1
github.com/hcp-uw/mosaic/internal/persistence/identity.go:81.44,83.3 1 0
github.com/hcp-uw/mosaic/internal/persistence/identity.go:86.2,101.16 4 1
github.com/hcp-uw/mosaic/internal/persistence/identity.go:101.16,103.3 1 0
github.com/hcp-uw/mosaic/internal/persistence/identity.go:105.2,106.44 2 1
github.com/hcp-uw/mosaic/internal/persistence/identity.go:110.93,114.16 3 1
github.com/hcp-uw/mosaic/internal/persistence/identity.go:114.16,116.3 1 0
github.com/hcp-uw/mosaic/internal/persistence/identity.go:118.2,119.72 2 1
github.com/hcp-uw/mosaic/internal/persistence/identity.go:119.72,121.3 1 0
github.com/hcp-uw/mosaic/internal/persistence/identity.go:124.2,124.45 1 1
github.com/hcp-uw/mosaic/internal/persistence/identity.go:124.45,126.3 1 0
github.com/hcp-uw/mosaic/internal/persistence/identity.go:129.2,129.93 1 1
github.com/hcp-uw/mosaic/internal/persistence/identity.go:129.93,131.3 1 0
github.com/hcp-uw/mosaic/internal/persistence/identity.go:134.2,135.16 2 1
github.com/hcp-uw/mosaic/internal/persistence/identity.go:135.16,137.3 1 0
github.com/hcp-uw/mosaic/internal/persistence/identity.go:140.2,141.16 2 1
github.com/hcp-uw/mosaic/internal/persistence/identity.go:141.16,143.3 1 0
github.com/hcp-uw/mosaic/internal/persistence/identity.go:145.2,146.16 2 1
github.com/hcp-uw/mosaic/internal/persistence/identity.go:146.16,148.3 1 0
github.com/hcp-uw/mosaic/internal/persistence/identity.go:151.2,152.16 2 1
github.com/hcp-uw/mosaic/internal/persistence/identity.go:152.16,154.3 1 1
github.com/hcp-uw/mosaic/internal/persistence/identity.go:156.2,156.50 1 1
github.com/hcp-uw/mosaic/internal/persistence/identity.go:156.50,158.3 1 0
github.com/hcp-uw/mosaic/internal/persistence/identity.go:160.2,160.47 1 1
github.com/hcp-uw/mosaic/internal/persistence/identity.go:164.75,165.39 1 1
github.com/hcp-uw/mosaic/internal/persistence/identity.go:165.39,167.3 1 0
github.com/hcp-uw/mosaic/internal/persistence/identity.go:169.2,177.16 3 1
github.com/hcp-uw/mosaic/internal/persistence/identity.go:177.16,179.3 1 0
github.com/hcp-uw/mosaic/internal/persistence/identity.go:181.2,182.44 2 1
github.com/hcp-uw/mosaic/internal/persistence/identity.go:186.74,190.16 3 1
github.com/hcp-uw/mosaic/internal/persistence/identity.go:190.16,192.3 1 0
github.com/hcp-uw/mosaic/internal/persistence/identity.go:194.2,195.73 2 1
github.com/hcp-uw/mosaic/internal/persistence/identity.go:195.73,197.3 1 0
github.com/hcp-uw/mosaic/internal/persistence/identity.go:199.2,200.9 2 1
github.com/hcp-uw/mosaic/internal/persistence/identity.go:200.9,202.66 1 1
github.com/hcp-uw/mosaic/internal/persistence/identity.go:202.66,203.62 1 1
github.com/hcp-uw/mosaic/internal/persistence/identity.go:203.62,205.62 2 1
github.com/hcp-uw/mosaic/internal/persistence/identity.go:205.62,207.6 1 1
github.com/hcp-uw/mosaic/internal/persistence/identity.go:212.2,212.44 1 1
github.com/hcp-uw/mosaic/internal/persistence/identity.go:212.44,214.3 1 0
github.com/hcp-uw/mosaic/internal/persistence/identity.go:216.2,216.41 1 1
github.com/hcp-uw/mosaic/internal/persistence/identity.go:220.50,222.2 1 1
github.com/hcp-uw/mosaic/internal/persistence/identity.go:225.80,232.45 2 1
github.com/hcp-uw/mosaic/internal/persistence/identity.go:232.45,233.58 1 0
github.com/hcp-uw/mosaic/internal/persistence/identity.go:233.58,234.59 1 0
github.com/hcp-uw/mosaic/internal/persistence/identity.go:234.59,236.5 1 0
github.com/hcp-uw/mosaic/internal/persistence/identity.go:237.4,237.65 1 0
github.com/hcp-uw/mosaic/internal/persistence/identity.go:237.65,239.5 1 0
github.com/hcp-uw/mosaic/internal/persistence/identity.go:241.8,244.50 2 1
github.com/hcp-uw/mosaic/internal/persistence/identity.go:244.50,246.4 1 0
github.com/hcp-uw/mosaic/internal/persistence/identity.go:246.9,248.4 1 1
github.com/hcp-uw/mosaic/internal/persistence/identity.go:251.2,252.16 2 1
github.com/hcp-uw/mosaic/internal/persistence/identity.go:252.16,254.3 1 0
github.com/hcp-uw/mosaic/internal/persistence/identity.go:256.2,257.44 2 1
github.com/hcp-uw/mosaic/internal/persistence/identity.go:261.76,265.16 3 1
github.com/hcp-uw/mosaic/internal/persistence/identity.go:265.16,267.3 1 0
github.com/hcp-uw/mosaic/internal/persistence/identity.go:269.2,270.70 2 1
github.com/hcp-uw/mosaic/internal/persistence/identity.go:270.70,272.3 1 0
github.com/hcp-uw/mosaic/internal/persistence/identity.go:275.2,281.46 5 1
github.com/hcp-uw/mosaic/internal/persistence/identity.go:281.46,283.3 1 1
github.com/hcp-uw/mosaic/internal/persistence/identity.go:285.2,285.20 1 1
github.com/hcp-uw/mosaic/internal/persistence/identity.go:290.58,292.2 1 1
github.com/hcp-uw/mosaic/internal/persistence/identity.go:294.57,296.2 1 1
github.com/hcp-uw/mosaic/internal/persistence/identity.go:298.54,300.2 1 1
github.com/hcp-uw/mosaic/internal/persistence/identity.go:303.82,313.29 5 1
github.com/hcp-uw/mosaic/internal/persistence/identity.go:313.29,318.3 4 1
github.com/hcp-uw/mosaic/internal/persistence/identity.go:320.2,320.17 1 1
github.com/hcp-uw/mosaic/internal/persistence/identity.go:324.30,326.50 2 1
github.com/hcp-uw/mosaic/internal/persistence/identity.go:326.50,330.3 2 0
github.com/hcp-uw/mosaic/internal/persistence/identity.go:331.2,331.39 1 1
github.com/hcp-uw/mosaic/internal/persistence/identity.go:335.35,337.2 1 1
github.com/hcp-uw/mosaic/internal/persistence/identity.go:340.38,344.2 1 1
github.com/hcp-uw/mosaic/internal/persistence/identity.go:352.63,354.2 1 1
github.com/hcp-uw/mosaic/internal/persistence/identity.go:357.117,358.28 1 1
github.com/hcp-uw/mosaic/internal/persistence/identity.go:358.28,361.17 2 0
github.com/hcp-uw/mosaic/internal/persistence/identity.go:361.17,363.4 1 0
github.com/hcp-uw/mosaic/internal/persistence/identity.go:365.3,366.17 2 0
github.com/hcp-uw/mosaic/internal/persistence/identity.go:366.17,368.4 1 0
github.com/hcp-uw/mosaic/internal/persistence/identity.go:371.3,372.41 2 0
github.com/hcp-uw/mosaic/internal/persistence/identity.go:372.41,374.4 1 0
github.com/hcp-uw/mosaic/internal/persistence/identity.go:376.3,376.36 1 0
github.com/hcp-uw/mosaic/internal/persistence/identity.go:380.2,381.16 2 1
github.com/hcp-uw/mosaic/internal/persistence/identity.go:381.16,383.3 1 0
github.com/hcp-uw/mosaic/internal/persistence/identity.go:386.2,386.73 1 1
github.com/hcp-uw/mosaic/internal/persistence/identity.go:386.73,388.3 1 0
github.com/hcp-uw/mosaic/internal/persistence/identity.go:390.2,390.59 1 1
github.com/hcp-uw/mosaic/internal/persistence/identity.go:390.59,392.3 1 0
github.com/hcp-uw/mosaic/internal/persistence/identity.go:395.2,399.53 2 1
github.com/hcp-uw/mosaic/internal/persistence/identity.go:399.53,401.3 1 0
github.com/hcp-uw/mosaic/internal/persistence/identity.go:403.2,403.35 1 1
github.com/hcp-uw/mosaic/internal/persistence/identity.go:407.127,410.16 2 0
github.com/hcp-uw/mosaic/internal/persistence/identity.go:410.16,412.3 1 0
github.com/hcp-uw/mosaic/internal/persistence/identity.go:415.2,416.16 2 0
github.com/hcp-uw/mosaic/internal/persistence/identity.go:416.16,418.3 1 0
github.com/hcp-uw/mosaic/internal/persistence/identity.go:421.2,429.59 3 0
github.com/hcp-uw/mosaic/internal/persistence/identity.go:429.59,431.3 1 0
github.com/hcp-uw/mosaic/internal/persistence/identity.go:434.2,434.79 1 0
github.com/hcp-uw/mosaic/internal/persistence/identity.go:434.79,436.3 1 0
github.com/hcp-uw/mosaic/internal/persistence/identity.go:438.2,438.62 1 0
github.com/hcp-uw/mosaic/internal/persistence/identity.go:438.62,440.3 1 0
github.com/hcp-uw/mosaic/internal/persistence/identity.go:443.2,448.61 2 0
github.com/hcp-uw/mosaic/internal/persistence/identity.go:448.61,450.3 1 0
github.com/hcp-uw/mosaic/internal/persistence/identity.go:452.2,452.41 1 0
github.com/hcp-uw/mosaic/internal/persistence/integration.go:40.50,42.2 1 1
github.com/hcp-uw/mosaic/internal/persistence/integration.go:45.84,49.21 3 1
github.com/hcp-uw/mosaic/internal/persistence/integration.go:49.21,51.3 1 0
github.com/hcp-uw/mosaic/internal/persistence/integration.go:54.2,55.60 2 1
github.com/hcp-uw/mosaic/internal/persistence/integration.go:55.60,57.3 1 0
github.com/hcp-uw/mosaic/internal/persistence/integration.go:60.2,67.16 4 1
github.com/hcp-uw/mosaic/internal/persistence/integration.go:67.16,69.3 1 0
github.com/hcp-uw/mosaic/internal/persistence/integration.go:72.2,73.16 2 1
github.com/hcp-uw/mosaic/internal/persistence/integration.go:73.16,75.3 1 0
github.com/hcp-uw/mosaic/internal/persistence/integration.go:77.2,87.16 3 1
github.com/hcp-uw/mosaic/internal/persistence/integration.go:87.16,89.3 1 0
github.com/hcp-uw/mosaic/internal/persistence/integration.go:92.2,93.16 2 1
github.com/hcp-uw/mosaic/internal/persistence/integration.go:93.16,95.3 1 0
github.com/hcp-uw/mosaic/internal/persistence/integration.go:98.2,101.12 3 1
github.com/hcp-uw/mosaic/internal/persistence/integration.go:105.63,109.2 3 1
github.com/hcp-uw/mosaic/internal/persistence/integration.go:112.58,116.2 3 1
github.com/hcp-uw/mosaic/internal/persistence/integration.go:119.73,123.22 3 0
github.com/hcp-uw/mosaic/internal/persistence/integration.go:123.22,125.3 1 0
github.com/hcp-uw/mosaic/internal/persistence/integration.go:128.2,131.69 2 0
github.com/hcp-uw/mosaic/internal/persistence/integration.go:131.69,133.3 1 0
github.com/hcp-uw/mosaic/internal/persistence/integration.go:136.2,146.74 2 0
github.com/hcp-uw/mosaic/internal/persistence/integration.go:146.75,148.3 0 0
github.com/hcp-uw/mosaic/internal/persistence/integration.go:150.2,150.12 1 0
github.com/hcp-uw/mosaic/internal/persistence/integration.go:154.120,158.22 3 1
github.com/hcp-uw/mosaic/internal/persistence/integration.go:158.22,160.3 1 0
github.com/hcp-uw/mosaic/internal/persistence/integration.go:163.2,172.82 2 1
github.com/hcp-uw/mosaic/internal/persistence/integration.go:172.82,174.3 1 0
github.com/hcp-uw/mosaic/internal/persistence/integration.go:176.2,176.12 1 1
github.com/hcp-uw/mosaic/internal/persistence/integration.go:180.152,182.2 1 1
github.com/hcp-uw/mosaic/internal/persistence/integration.go:185.76,187.2 1 1
github.com/hcp-uw/mosaic/internal/persistence/integration.go:190.97,194.22 3 0
github.com/hcp-uw/mosaic/internal/persistence/integration.go:194.22,196.3 1 0
github.com/hcp-uw/mosaic/internal/persistence/integration.go:198.2,198.25 1 0
github.com/hcp-uw/mosaic/internal/persistence/integration.go:198.25,200.3 1 0
github.com/hcp-uw/mosaic/internal/persistence/integration.go:202.2,202.69 1 0
github.com/hcp-uw/mosaic/internal/persistence/integration.go:202.69,204.3 1 0
github.com/hcp-uw/mosaic/internal/persistence/integration.go:206.2,207.12 2 0
github.com/hcp-uw/mosaic/internal/persistence/integration.go:211.68,215.22 3 1
github.com/hcp-uw/mosaic/internal/persistence/integration.go:215.22,217.3 1 0
github.com/hcp-uw/mosaic/internal/persistence/integration.go:220.2,220.26 1 1
github.com/hcp-uw/mosaic/internal/persistence/integration.go:220.26,221.72 1 1
github.com/hcp-uw/mosaic/internal/persistence/integration.go:221.72,223.4 1 0
github.com/hcp-uw/mosaic/internal/persistence/integration.go:227.2,227.54 1 1
github.com/hcp-uw/mosaic/internal/persistence/integration.go:227.54,229.3 1 0
github.com/hcp-uw/mosaic/internal/persistence/integration.go:231.2,234.12 3 1
github.com/hcp-uw/mosaic/internal/persistence/integration.go:238.53,242.22 3 0
github.com/hcp-uw/mosaic/internal/persistence/integration.go:242.22,244.3 1 0
github.com/hcp-uw/mosaic/internal/persistence/integration.go:246.2,246.33 1 0
github.com/hcp-uw/mosaic/internal/persistence/integration.go:255.99,257.2 1 0
github.com/hcp-uw/mosaic/internal/persistence/integration.go:260.118,271.2 3 0
github.com/hcp-uw/mosaic/internal/persistence/integration.go:283.98,287.42 1 0
github.com/hcp-uw/mosaic/internal/persistence/integration.go:287.42,292.14 2 0
github.com/hcp-uw/mosaic/internal/persistence/integration.go:292.14,300.18 3 0
github.com/hcp-uw/mosaic/internal/persistence/integration.go:300.18,302.5 1 0
github.com/hcp-uw/mosaic/internal/persistence/integration.go:305.4,311.5 1 0
github.com/hcp-uw/mosaic/internal/persistence/integration.go:315.2,315.12 1 0
github.com/hcp-uw/mosaic/internal/persistence/integration.go:319.108,322.16 2 0
github.com/hcp-uw/mosaic/internal/persistence/integration.go:322.16,324.3 1 0
github.com/hcp-uw/mosaic/internal/persistence/integration.go:327.2,327.66 1 0
github.com/hcp-uw/mosaic/internal/persistence/integration.go:327.66,329.3 1 0
github.com/hcp-uw/mosaic/internal/persistence/integration.go:331.2,331.20 1 0
github.com/hcp-uw/mosaic/internal/persistence/integration.go:335.101,352.86 2 0
github.com/hcp-uw/mosaic/internal/persistence/integration.go:352.86,354.3 1 0
github.com/hcp-uw/mosaic/internal/persistence/integration.go:356.2,356.12 1 0
github.com/hcp-uw/mosaic/internal/persistence/integration.go:361.80,365.2 1 0
github.com/hcp-uw/mosaic/internal/persistence/integration.go:368.24,369.11 1 0
github.com/hcp-uw/mosaic/internal/persistence/integration.go:369.11,371.3 1 0
github.com/hcp-uw/mosaic/internal/persistence/integration.go:372.2,372.10 1 0
github.com/hcp-uw/mosaic/internal/persistence/integration.go:381.85,383.2 1 0
github.com/hcp-uw/mosaic/internal/persistence/integration.go:386.85,392.16 4 0
github.com/hcp-uw/mosaic/internal/persistence/integration.go:392.16,394.3 1 0
github.com/hcp-uw/mosaic/internal/persistence/integration.go:397.2,406.34 2 0
github.com/hcp-uw/mosaic/internal/persistence/integration.go:406.34,408.17 2 0
github.com/hcp-uw/mosaic/internal/persistence/integration.go:408.17,416.4 1 0
github.com/hcp-uw/mosaic/internal/persistence/integration.go:419.2,419.19 1 0
github.com/hcp-uw/mosaic/internal/persistence/integration.go:441.61,444.37 2 0
github.com/hcp-uw/mosaic/internal/persistence/integration.go:444.37,446.39 2 0
github.com/hcp-uw/mosaic/internal/persistence/integration.go:446.39,448.4 1 0
github.com/hcp-uw/mosaic/internal/persistence/integration.go:451.2,451.20 1 0
github.com/hcp-uw/mosaic/internal/persistence/integration.go:455.63,456.32 1 0
github.com/hcp-uw/mosaic/internal/persistence/integration.go:456.32,458.3 1 0
github.com/hcp-uw/mosaic/internal/persistence/integration.go:460.2,461.42 2 0
github.com/hcp-uw/mosaic/internal/persistence/integration.go:461.42,462.28 1 0
github.com/hcp-uw/mosaic/internal/persistence/integration.go:462.28,464.4 1 0
github.com/hcp-uw/mosaic/internal/persistence/integration.go:467.2,467.61 1 0
github.com/hcp-uw/mosaic/internal/persistence/interfaces.go:172.70,174.2 1 1
github.com/hcp-uw/mosaic/internal/persistence/interfaces.go:176.77,178.2 1 1
github.com/hcp-uw/mosaic/internal/persistence/interfaces.go:180.47,182.2 1 0
github.com/hcp-uw/mosaic/internal/persistence/interfaces.go:193.43,195.2 1 0
github.com/hcp-uw/mosaic/internal/persistence/interfaces.go:197.43,199.2 1 0
github.com/hcp-uw/mosaic/internal/persistence/manager.go:32.58,36.2 1 1
github.com/hcp-uw/mosaic/internal/persistence/manager.go:39.69,43.21 3 1
github.com/hcp-uw/mosaic/internal/persistence/manager.go:43.21,45.3 1 0
github.com/hcp-uw/mosaic/internal/persistence/manager.go:47.2,51.16 3 1
github.com/hcp-uw/mosaic/internal/persistence/manager.go:51.16,53.3 1 0
github.com/hcp-uw/mosaic/internal/persistence/manager.go:54.2,57.55 2 1
github.com/hcp-uw/mosaic/internal/persistence/manager.go:57.55,59.3 1 0
github.com/hcp-uw/mosaic/internal/persistence/manager.go:62.2,67.52 4 1
github.com/hcp-uw/mosaic/internal/persistence/manager.go:67.52,69.3 1 0
github.com/hcp-uw/mosaic/internal/persistence/manager.go:71.2,72.12 2 1
github.com/hcp-uw/mosaic/internal/persistence/manager.go:76.61,80.2 3 1
github.com/hcp-uw/mosaic/internal/persistence/manager.go:83.53,87.2 3 1
github.com/hcp-uw/mosaic/internal/persistence/manager.go:90.59,94.2 3 1
github.com/hcp-uw/mosaic/internal/persistence/manager.go:97.101,101.22 3 1
github.com/hcp-uw/mosaic/internal/persistence/manager.go:101.22,103.3 1 0
github.com/hcp-uw/mosaic/internal/persistence/manager.go:105.2,105.28 1 1
github.com/hcp-uw/mosaic/internal/persistence/manager.go:105.28,107.3 1 0
github.com/hcp-uw/mosaic/internal/persistence/manager.go:109.2,115.12 5 1
github.com/hcp-uw/mosaic/internal/persistence/manager.go:119.72,122.29 2 1
github.com/hcp-uw/mosaic/internal/persistence/manager.go:122.29,127.32 3 1
github.com/hcp-uw/mosaic/internal/persistence/manager.go:127.32,131.11 2 1
github.com/hcp-uw/mosaic/internal/persistence/manager.go:132.28,132.28 0 1
github.com/hcp-uw/mosaic/internal/persistence/manager.go:134.22,135.61 1 0
github.com/hcp-uw/mosaic/internal/persistence/manager.go:140.3,140.70 1 1
github.com/hcp-uw/mosaic/internal/persistence/manager.go:140.70,142.4 1 0
github.com/hcp-uw/mosaic/internal/persistence/manager.go:145.3,145.25 1 1
github.com/hcp-uw/mosaic/internal/persistence/manager.go:145.25,146.68 1 1
github.com/hcp-uw/mosaic/internal/persistence/manager.go:146.68,148.5 1 0
github.com/hcp-uw/mosaic/internal/persistence/manager.go:151.3,151.26 1 1
github.com/hcp-uw/mosaic/internal/persistence/manager.go:154.2,154.20 1 1
github.com/hcp-uw/mosaic/internal/persistence/manager.go:158.52,162.22 3 0
github.com/hcp-uw/mosaic/internal/persistence/manager.go:162.22,164.3 1 0
github.com/hcp-uw/mosaic/internal/persistence/manager.go:167.2,170.58 2 0
github.com/hcp-uw/mosaic/internal/persistence/manager.go:170.58,172.3 1 0
github.com/hcp-uw/mosaic/internal/persistence/manager.go:174.2,174.54 1 0
github.com/hcp-uw/mosaic/internal/persistence/manager.go:174.54,176.3 1 0
github.com/hcp-uw/mosaic/internal/persistence/manager.go:178.2,178.57 1 0
github.com/hcp-uw/mosaic/internal/persistence/manager.go:178.57,180.3 1 0
github.com/hcp-uw/mosaic/internal/persistence/manager.go:183.2,183.52 1 0
github.com/hcp-uw/mosaic/internal/persistence/manager.go:183.52,185.3 1 0
github.com/hcp-uw/mosaic/internal/persistence/manager.go:187.2,187.12 1 0
github.com/hcp-uw/mosaic/internal/persistence/manager.go:191.51,195.22 3 1
github.com/hcp-uw/mosaic/internal/persistence/manager.go:195.22,197.3 1 0
github.com/hcp-uw/mosaic/internal/persistence/manager.go:199.2,206.79 4 1
github.com/hcp-uw/mosaic/internal/persistence/manager.go:206.79,208.3 1 0
github.com/hcp-uw/mosaic/internal/persistence/manager.go:211.2,211.99 1 1
github.com/hcp-uw/mosaic/internal/persistence/manager.go:211.100,214.3 0 0
github.com/hcp-uw/mosaic/internal/persistence/manager.go:216.2,216.12 1 1
github.com/hcp-uw/mosaic/internal/persistence/manager.go:221.69,234.34 2 1
github.com/hcp-uw/mosaic/internal/persistence/manager.go:234.34,235.52 1 1
github.com/hcp-uw/mosaic/internal/persistence/manager.go:235.52,237.4 1 0
github.com/hcp-uw/mosaic/internal/persistence/manager.go:240.2,240.12 1 1
github.com/hcp-uw/mosaic/internal/persistence/manager.go:243.66,245.37 1 1
github.com/hcp-uw/mosaic/internal/persistence/manager.go:245.37,248.17 2 0
github.com/hcp-uw/mosaic/internal/persistence/manager.go:248.17,250.4 1 0
github.com/hcp-uw/mosaic/internal/persistence/manager.go:253.3,253.31 1 0
github.com/hcp-uw/mosaic/internal/persistence/manager.go:253.31,255.4 1 0
github.com/hcp-uw/mosaic/internal/persistence/manager.go:259.2,260.16 2 1
github.com/hcp-uw/mosaic/internal/persistence/manager.go:260.16,262.3 1 0
github.com/hcp-uw/mosaic/internal/persistence/manager.go:265.2,266.16 2 1
github.com/hcp-uw/mosaic/internal/persistence/manager.go:266.16,268.3 1 0
github.com/hcp-uw/mosaic/internal/persistence/manager.go:270.2,270.12 1 1
github.com/hcp-uw/mosaic/internal/persistence/manager.go:273.50,279.6 4 1
github.com/hcp-uw/mosaic/internal/persistence/manager.go:279.6,280.10 1 1
github.com/hcp-uw/mosaic/internal/persistence/manager.go:281.33,282.10 1 1
github.com/hcp-uw/mosaic/internal/persistence/manager.go:283.19,284.48 1 1
github.com/hcp-uw/mosaic/internal/persistence/manager.go:284.49,287.5 0 0
github.com/hcp-uw/mosaic/internal/persistence/manager.go:292.60,295.16 2 1
github.com/hcp-uw/mosaic/internal/persistence/manager.go:295.16,297.3 1 0
github.com/hcp-uw/mosaic/internal/persistence/manager.go:299.2,299.57 1 1
github.com/hcp-uw/mosaic/internal/persistence/manager.go:299.57,301.3 1 0
github.com/hcp-uw/mosaic/internal/persistence/manager.go:304.2,304.54 1 1
github.com/hcp-uw/mosaic/internal/persistence/manager.go:304.55,306.3 0 0
github.com/hcp-uw/mosaic/internal/persistence/manager.go:308.2,308.12 1 1
github.com/hcp-uw/mosaic/internal/persistence/manager.go:311.68,314.63 2 1
github.com/hcp-uw/mosaic/internal/persistence/manager.go:314.63,316.3 1 0
github.com/hcp-uw/mosaic/internal/persistence/manager.go:318.2,318.12 1 1
github.com/hcp-uw/mosaic/internal/persistence/manager.go:321.61,324.16 2 1
github.com/hcp-uw/mosaic/internal/persistence/manager.go:324.16,326.3 1 0
github.com/hcp-uw/mosaic/internal/persistence/manager.go:328.2,328.41 1 1
github.com/hcp-uw/mosaic/internal/persistence/manager.go:338.82,343.2 1 0
github.com/hcp-uw/mosaic/internal/persistence/manager.go:346.52,355.41 3 0
github.com/hcp-uw/mosaic/internal/persistence/manager.go:355.41,356.67 1 0
github.com/hcp-uw/mosaic/internal/persistence/manager.go:356.67,358.73 1 0
github.com/hcp-uw/mosaic/internal/persistence/manager.go:358.73,360.5 1 0
github.com/hcp-uw/mosaic/internal/persistence/manager.go:365.2,365.57 1 0
github.com/hcp-uw/mosaic/internal/persistence/manager.go:369.48,373.58 2 0
github.com/hcp-uw/mosaic/internal/persistence/manager.go:373.58,375.3 1 0
github.com/hcp-uw/mosaic/internal/persistence/manager.go:378.2,383.41 2 0
github.com/hcp-uw/mosaic/internal/persistence/manager.go:383.41,384.67 1 0
github.com/hcp-uw/mosaic/internal/persistence/manager.go:384.67,385.69 1 0
github.com/hcp-uw/mosaic/internal/persistence/manager.go:385.69,387.5 1 0
github.com/hcp-uw/mosaic/internal/persistence/manager.go:392.2,392.37 1 0
github.com/hcp-uw/mosaic/internal/persistence/manager.go:396.51,400.75 2 0
github.com/hcp-uw/mosaic/internal/persistence/manager.go:400.75,403.3 1 0
github.com/hcp-uw/mosaic/internal/persistence/manager.go:405.2,405.12 1 0
github.com/hcp-uw/mosaic/internal/persistence/manager.go:408.83,411.16 2 0
github.com/hcp-uw/mosaic/internal/persistence/manager.go:411.16,413.3 1 0
github.com/hcp-uw/mosaic/internal/persistence/manager.go:415.2,415.29 1 0
github.com/hcp-uw/mosaic/internal/persistence/manager.go:415.29,419.67 3 0
github.com/hcp-uw/mosaic/internal/persistence/manager.go:419.67,421.4 1 0
github.com/hcp-uw/mosaic/internal/persistence/manager.go:424.2,424.12 1 0
github.com/hcp-uw/mosaic/internal/persistence/manager.go:427.72,431.39 3 0
github.com/hcp-uw/mosaic/internal/persistence/manager.go:431.39,433.3 1 0
github.com/hcp-uw/mosaic/internal/persistence/manager.go:436.2,440.42 4 0
github.com/hcp-uw/mosaic/internal/persistence/manager.go:443.67,447.2 1 0
github.com/hcp-uw/mosaic/internal/persistence/manager.go:449.81,453.2 1 0
github.com/hcp-uw/mosaic/internal/persistence/manager.go:461.62,463.2 1 1
github.com/hcp-uw/mosaic/internal/persistence/manager.go:466.78,468.56 1 1
github.com/hcp-uw/mosaic/internal/persistence/manager.go:468.56,470.3 1 0
github.com/hcp-uw/mosaic/internal/persistence/manager.go:473.2,473.47 1 1
github.com/hcp-uw/mosaic/internal/persistence/manager.go:477.78,479.40 2 1
github.com/hcp-uw/mosaic/internal/persistence/manager.go:479.40,481.3 1 1
github.com/hcp-uw/mosaic/internal/persistence/manager.go:485.2,485.25 1 0
github.com/hcp-uw/mosaic/internal/persistence/manager.go:485.25,486.42 1 0
github.com/hcp-uw/mosaic/internal/persistence/manager.go:486.42,489.4 2 0
github.com/hcp-uw/mosaic/internal/persistence/manager.go:492.2,492.12 1 0
github.com/hcp-uw/mosaic/internal/persistence/manager.go:495.63,499.16 2 1
github.com/hcp-uw/mosaic/internal/persistence/manager.go:499.16,501.3 1 0
github.com/hcp-uw/mosaic/internal/persistence/manager.go:503.2,503.29 1 1
github.com/hcp-uw/mosaic/internal/persistence/manager.go:503.29,507.67 3 0
github.com/hcp-uw/mosaic/internal/persistence/manager.go:507.67,509.4 1 0
github.com/hcp-uw/mosaic/internal/persistence/manager.go:512.2,512.12 1 1
github.com/hcp-uw/mosaic/internal/persistence/manager.go:521.84,523.2 1 0
github.com/hcp-uw/mosaic/internal/persistence/manager.go:526.59,527.61 1 0
github.com/hcp-uw/mosaic/internal/persistence/manager.go:527.61,531.3 3 0
github.com/hcp-uw/mosaic/internal/persistence/manager.go:532.2,532.11 1 0
github.com/hcp-uw/mosaic/internal/persistence/manager.go:536.83,537.61 1 0
github.com/hcp-uw/mosaic/internal/persistence/manager.go:537.61,542.3 4 0
github.com/hcp-uw/mosaic/internal/persistence/manager.go:543.2,543.60 1 0
github.com/hcp-uw/mosaic/internal/persistence/manager.go:547.83,555.2 1 0
github.com/hcp-uw/mosaic/internal/persistence/network_store.go:23.85,33.2 1 1
github.com/hcp-uw/mosaic/internal/persistence/network_store.go:69.80,70.18 1 1
github.com/hcp-uw/mosaic/internal/persistence/network_store.go:70.18,72.3 1 0
github.com/hcp-uw/mosaic/internal/persistence/network_store.go:75.2,76.16 2 1
github.com/hcp-uw/mosaic/internal/persistence/network_store.go:76.16,78.3 1 0
github.com/hcp-uw/mosaic/internal/persistence/network_store.go:81.2,87.24 5 1
github.com/hcp-uw/mosaic/internal/persistence/network_store.go:87.24,89.3 1 1
github.com/hcp-uw/mosaic/internal/persistence/network_store.go:90.2,94.33 3 1
github.com/hcp-uw/mosaic/internal/persistence/network_store.go:98.77,99.18 1 1
github.com/hcp-uw/mosaic/internal/persistence/network_store.go:99.18,101.3 1 0
github.com/hcp-uw/mosaic/internal/persistence/network_store.go:103.2,104.16 2 1
github.com/hcp-uw/mosaic/internal/persistence/network_store.go:104.16,106.3 1 0
github.com/hcp-uw/mosaic/internal/persistence/network_store.go:108.2,109.13 2 1
github.com/hcp-uw/mosaic/internal/persistence/network_store.go:109.13,111.3 1 0
github.com/hcp-uw/mosaic/internal/persistence/network_store.go:113.2,113.19 1 1
github.com/hcp-uw/mosaic/internal/persistence/network_store.go:117.67,119.16 2 1
github.com/hcp-uw/mosaic/internal/persistence/network_store.go:119.16,121.3 1 0
github.com/hcp-uw/mosaic/internal/persistence/network_store.go:123.2,124.32 2 1
github.com/hcp-uw/mosaic/internal/persistence/network_store.go:124.32,126.3 1 1
github.com/hcp-uw/mosaic/internal/persistence/network_store.go:129.2,129.40 1 1
github.com/hcp-uw/mosaic/internal/persistence/network_store.go:129.40,131.3 1 1
github.com/hcp-uw/mosaic/internal/persistence/network_store.go:133.2,133.19 1 1
github.com/hcp-uw/mosaic/internal/persistence/network_store.go:137.90,138.18 1 0
github.com/hcp-uw/mosaic/internal/persistence/network_store.go:138.18,140.3 1 0
github.com/hcp-uw/mosaic/internal/persistence/network_store.go:143.2,143.54 1 0
github.com/hcp-uw/mosaic/internal/persistence/network_store.go:143.54,145.3 1 0
github.com/hcp-uw/mosaic/internal/persistence/network_store.go:148.2,149.16 2 0
github.com/hcp-uw/mosaic/internal/persistence/network_store.go:149.16,151.3 1 0
github.com/hcp-uw/mosaic/internal/persistence/network_store.go:154.2,162.36 5 0
github.com/hcp-uw/mosaic/internal/persistence/network_store.go:166.87,167.18 1 0
github.com/hcp-uw/mosaic/internal/persistence/network_store.go:167.18,169.3 1 0
github.com/hcp-uw/mosaic/internal/persistence/network_store.go:171.2,172.16 2 0
github.com/hcp-uw/mosaic/internal/persistence/network_store.go:172.16,174.3 1 0
github.com/hcp-uw/mosaic/internal/persistence/network_store.go:176.2,177.13 2 0
github.com/hcp-uw/mosaic/internal/persistence/network_store.go:177.13,179.3 1 0
github.com/hcp-uw/mosaic/internal/persistence/network_store.go:182.2,182.38 1 0
github.com/hcp-uw/mosaic/internal/persistence/network_store.go:182.38,184.3 1 0
github.com/hcp-uw/mosaic/internal/persistence/network_store.go:186.2,186.19 1 0
github.com/hcp-uw/mosaic/internal/persistence/network_store.go:190.101,191.18 1 1
github.com/hcp-uw/mosaic/internal/persistence/network_store.go:191.18,193.3 1 0
github.com/hcp-uw/mosaic/internal/persistence/network_store.go:196.2,197.16 2 1
github.com/hcp-uw/mosaic/internal/persistence/network_store.go:197.16,199.3 1 0
github.com/hcp-uw/mosaic/internal/persistence/network_store.go:202.2,208.32 5 1
github.com/hcp-uw/mosaic/internal/persistence/network_store.go:208.32,210.3 1 0
github.com/hcp-uw/mosaic/internal/persistence/network_store.go:211.2,214.36 2 1
github.com/hcp-uw/mosaic/internal/persistence/network_store.go:218.95,219.18 1 1
github.com/hcp-uw/mosaic/internal/persistence/network_store.go:219.18,221.3 1 0
github.com/hcp-uw/mosaic/internal/persistence/network_store.go:223.2,224.16 2 1
github.com/hcp-uw/mosaic/internal/persistence/network_store.go:224.16,226.3 1 0
github.com/hcp-uw/mosaic/internal/persistence/network_store.go:228.2,229.13 2 1
github.com/hcp-uw/mosaic/internal/persistence/network_store.go:229.13,231.3 1 1
github.com/hcp-uw/mosaic/internal/persistence/network_store.go:233.2,233.22 1 1
github.com/hcp-uw/mosaic/internal/persistence/network_store.go:237.77,239.58 1 1
github.com/hcp-uw/mosaic/internal/persistence/network_store.go:239.58,241.3 1 0
github.com/hcp-uw/mosaic/internal/persistence/network_store.go:243.2,250.16 3 1
github.com/hcp-uw/mosaic/internal/persistence/network_store.go:250.16,252.3 1 0
github.com/hcp-uw/mosaic/internal/persistence/network_store.go:254.2,257.62 2 1
github.com/hcp-uw/mosaic/internal/persistence/network_store.go:257.62,259.3 1 0
github.com/hcp-uw/mosaic/internal/persistence/network_store.go:261.2,261.50 1 1
github.com/hcp-uw/mosaic/internal/persistence/network_store.go:265.74,268.37 2 1
github.com/hcp-uw/mosaic/internal/persistence/network_store.go:268.37,271.3 1 1
github.com/hcp-uw/mosaic/internal/persistence/network_store.go:273.2,274.16 2 0
github.com/hcp-uw/mosaic/internal/persistence/network_store.go:274.16,276.3 1 0
github.com/hcp-uw/mosaic/internal/persistence/network_store.go:278.2,279.70 2 0
github.com/hcp-uw/mosaic/internal/persistence/network_store.go:279.70,281.3 1 0
github.com/hcp-uw/mosaic/internal/persistence/network_store.go:283.2,284.13 2 0
github.com/hcp-uw/mosaic/internal/persistence/network_store.go:284.13,286.3 1 0
github.com/hcp-uw/mosaic/internal/persistence/network_store.go:289.2,290.16 2 0
github.com/hcp-uw/mosaic/internal/persistence/network_store.go:290.16,292.3 1 0
github.com/hcp-uw/mosaic/internal/persistence/network_store.go:294.2,295.73 2 0
github.com/hcp-uw/mosaic/internal/persistence/network_store.go:295.73,297.3 1 0
github.com/hcp-uw/mosaic/internal/persistence/network_store.go:299.2,299.21 1 0
github.com/hcp-uw/mosaic/internal/persistence/network_store.go:304.72,307.36 2 1
github.com/hcp-uw/mosaic/internal/persistence/network_store.go:307.36,315.3 1 1
github.com/hcp-uw/mosaic/internal/persistence/network_store.go:317.2,318.16 2 1
github.com/hcp-uw/mosaic/internal/persistence/network_store.go:318.16,320.3 1 0
github.com/hcp-uw/mosaic/internal/persistence/network_store.go:322.2,323.62 2 1
github.com/hcp-uw/mosaic/internal/persistence/network_store.go:323.62,325.3 1 0
github.com/hcp-uw/mosaic/internal/persistence/network_store.go:328.2,328.21 1 1
github.com/hcp-uw/mosaic/internal/persistence/network_store.go:328.21,330.3 1 0
github.com/hcp-uw/mosaic/internal/persistence/network_store.go:332.2,332.17 1 1
github.com/hcp-uw/mosaic/internal/persistence/network_store.go:335.71,337.61 1 1
github.com/hcp-uw/mosaic/internal/persistence/network_store.go:337.61,339.3 1 0
github.com/hcp-uw/mosaic/internal/persistence/network_store.go:341.2,342.16 2 1
github.com/hcp-uw/mosaic/internal/persistence/network_store.go:342.16,344.3 1 0
github.com/hcp-uw/mosaic/internal/persistence/network_store.go:346.2,347.49 2 1
github.com/hcp-uw/mosaic/internal/persistence/network_store.go:350.82,353.38 2 0
github.com/hcp-uw/mosaic/internal/persistence/network_store.go:353.38,362.3 1 0
github.com/hcp-uw/mosaic/internal/persistence/network_store.go:364.2,365.16 2 0
github.com/hcp-uw/mosaic/internal/persistence/network_store.go:365.16,367.3 1 0
github.com/hcp-uw/mosaic/internal/persistence/network_store.go:369.2,370.62 2 0
github.com/hcp-uw/mosaic/internal/persistence/network_store.go:370.62,372.3 1 0
github.com/hcp-uw/mosaic/internal/persistence/network_store.go:375.2,375.28 1 0
github.com/hcp-uw/mosaic/internal/persistence/network_store.go:375.28,377.3 1 0
github.com/hcp-uw/mosaic/internal/persistence/network_store.go:379.2,379.17 1 0
github.com/hcp-uw/mosaic/internal/persistence/network_store.go:382.81,384.63 1 0
github.com/hcp-uw/mosaic/internal/persistence/network_store.go:384.63,386.3 1 0
github.com/hcp-uw/mosaic/internal/persistence/network_store.go:388.2,389.16 2 0
github.com/hcp-uw/mosaic/internal/persistence/network_store.go:389.16,391.3 1 0
github.com/hcp-uw/mosaic/internal/persistence/network_store.go:393.2,394.51 2 0
github.com/hcp-uw/mosaic/internal/persistence/network_store.go:397.78,400.38 2 1
github.com/hcp-uw/mosaic/internal/persistence/network_store.go:400.38,409.3 1 1
github.com/hcp-uw/mosaic/internal/persistence/network_store.go:411.2,412.16 2 1
github.com/hcp-uw/mosaic/internal/persistence/network_store.go:412.16,414.3 1 0
github.com/hcp-uw/mosaic/internal/persistence/network_store.go:416.2,417.62 2 1
github.com/hcp-uw/mosaic/internal/persistence/network_store.go:417.62,419.3 1 0
github.com/hcp-uw/mosaic/internal/persistence/network_store.go:422.2,422.23 1 1
github.com/hcp-uw/mosaic/internal/persistence/network_store.go:422.23,424.3 1 0
github.com/hcp-uw/mosaic/internal/persistence/network_store.go:425.2,425.32 1 1
github.com/hcp-uw/mosaic/internal/persistence/network_store.go:425.32,427.3 1 0
github.com/hcp-uw/mosaic/internal/persistence/network_store.go:429.2,429.17 1 1
github.com/hcp-uw/mosaic/internal/persistence/network_store.go:432.77,434.63 1 1
github.com/hcp-uw/mosaic/internal/persistence/network_store.go:434.63,436.3 1 0
github.com/hcp-uw/mosaic/internal/persistence/network_store.go:438.2,439.16 2 1
github.com/hcp-uw/mosaic/internal/persistence/network_store.go:439.16,441.3 1 0
github.com/hcp-uw/mosaic/internal/persistence/network_store.go:443.2,444.51 2 1
github.com/hcp-uw/mosaic/internal/persistence/network_store.go:447.80,449.29 2 1
github.com/hcp-uw/mosaic/internal/persistence/network_store.go:449.29,450.20 1 1
github.com/hcp-uw/mosaic/internal/persistence/network_store.go:450.20,452.4 1 1
github.com/hcp-uw/mosaic/internal/persistence/network_store.go:454.2,454.14 1 1
github.com/hcp-uw/mosaic/internal/persistence/network_store.go:457.78,458.23 1 0
github.com/hcp-uw/mosaic/internal/persistence/network_store.go:458.23,460.3 1 0
github.com/hcp-uw/mosaic/internal/persistence/network_store.go:462.2,462.50 1 0
github.com/hcp-uw/mosaic/internal/persistence/network_store.go:462.50,464.3 1 0
github.com/hcp-uw/mosaic/internal/persistence/network_store.go:466.2,466.39 1 0
github.com/hcp-uw/mosaic/internal/persistence/network_store.go:466.39,468.3 1 0
github.com/hcp-uw/mosaic/internal/persistence/network_store.go:470.2,470.41 1 0
github.com/hcp-uw/mosaic/internal/persistence/network_store.go:470.41,472.3 1 0
github.com/hcp-uw/mosaic/internal/persistence/network_store.go:474.2,474.12 1 0
github.com/hcp-uw/mosaic/internal/persistence/network_store.go:477.101,480.34 2 0
github.com/hcp-uw/mosaic/internal/persistence/network_store.go:480.34,485.3 1 0
github.com/hcp-uw/mosaic/internal/persistence/network_store.go:488.2,488.43 1 0
github.com/hcp-uw/mosaic/internal/persistence/network_store.go:488.43,490.3 1 0
github.com/hcp-uw/mosaic/internal/persistence/network_store.go:492.2,492.17 1 0
github.com/hcp-uw/mosaic/internal/persistence/network_store.go:495.121,496.23 1 1
github.com/hcp-uw/mosaic/internal/persistence/network_store.go:496.23,498.3 1 0
github.com/hcp-uw/mosaic/internal/persistence/network_store.go:500.2,505.33 5 1
github.com/hcp-uw/mosaic/internal/persistence/network_store.go:505.33,511.33 5 1
github.com/hcp-uw/mosaic/internal/persistence/network_store.go:511.33,514.4 2 1
github.com/hcp-uw/mosaic/internal/persistence/network_store.go:517.2,522.27 5 1
github.com/hcp-uw/mosaic/internal/persistence/network_store.go:522.27,524.3 1 1
github.com/hcp-uw/mosaic/internal/persistence/network_store.go:526.2,526.37 1 1
github.com/hcp-uw/mosaic/internal/persistence/network_store.go:526.37,528.3 1 1
github.com/hcp-uw/mosaic/internal/persistence/network_store.go:530.2,530.36 1 1
github.com/hcp-uw/mosaic/internal/persistence/network_store.go:533.80,534.25 1 1
github.com/hcp-uw/mosaic/internal/persistence/network_store.go:534.25,536.3 1 0
github.com/hcp-uw/mosaic/internal/persistence/network_store.go:538.2,538.38 1 1
github.com/hcp-uw/mosaic/internal/persistence/network_store.go:538.38,540.3 1 0
github.com/hcp-uw/mosaic/internal/persistence/network_store.go:542.2,542.26 1 1
github.com/hcp-uw/mosaic/internal/persistence/network_store.go:542.26,544.3 1 0
github.com/hcp-uw/mosaic/internal/persistence/network_store.go:546.2,546.35 1 1
github.com/hcp-uw/mosaic/internal/persistence/network_store.go:546.35,548.3 1 0
github.com/hcp-uw/mosaic/internal/persistence/network_store.go:550.2,550.12 1 1
github.com/hcp-uw/mosaic/internal/persistence/network_store.go:553.71,567.2 1 1
github.com/hcp-uw/mosaic/internal/persistence/network_store.go:575.70,577.2 1 1
github.com/hcp-uw/mosaic/internal/persistence/network_store.go:580.68,584.2 1 0
github.com/hcp-uw/mosaic/internal/persistence/network_store.go:587.76,589.16 2 1
github.com/hcp-uw/mosaic/internal/persistence/network_store.go:589.16,591.3 1 0
github.com/hcp-uw/mosaic/internal/persistence/network_store.go:594.2,595.29 2 1
github.com/hcp-uw/mosaic/internal/persistence/network_store.go:595.29,596.20 1 1
github.com/hcp-uw/mosaic/internal/persistence/network_store.go:596.20,598.4 1 1
github.com/hcp-uw/mosaic/internal/persistence/network_store.go:602.2,602.48 1 1
github.com/hcp-uw/mosaic/internal/persistence/network_store.go:602.48,605.3 1 1
github.com/hcp-uw/mosaic/internal/persistence/network_store.go:607.2,607.45 1 1
github.com/hcp-uw/mosaic/internal/persistence/network_store.go:607.45,609.3 1 0
github.com/hcp-uw/mosaic/internal/persistence/network_store.go:611.2,611.27 1 1
github.com/hcp-uw/mosaic/internal/persistence/network_store.go:615.147,618.16 2 1
github.com/hcp-uw/mosaic/internal/persistence/network_store.go:618.16,623.3 1 1
github.com/hcp-uw/mosaic/internal/persistence/network_store.go:626.2,626.16 1 1
github.com/hcp-uw/mosaic/internal/persistence/network_store.go:626.16,631.35 3 1
github.com/hcp-uw/mosaic/internal/persistence/network_store.go:631.35,633.4 1 1
github.com/hcp-uw/mosaic/internal/persistence/network_store.go:633.9,636.4 1 0
github.com/hcp-uw/mosaic/internal/persistence/network_store.go:637.8,640.3 2 0
github.com/hcp-uw/mosaic/internal/persistence/network_store.go:642.2,646.59 3 1
github.com/hcp-uw/mosaic/internal/networking/client.go:74.54,74.78 1 0
github.com/hcp-uw/mosaic/internal/networking/client.go:75.53,75.77 1 0
github.com/hcp-uw/mosaic/internal/networking/client.go:76.54,76.78 1 0
github.com/hcp-uw/mosaic/internal/networking/client.go:81.22,83.2 1 1
github.com/hcp-uw/mosaic/internal/networking/client.go:86.69,89.2 2 0
github.com/hcp-uw/mosaic/internal/networking/client.go:92.100,96.2 3 0
github.com/hcp-uw/mosaic/internal/networking/client.go:99.125,103.2 3 0
github.com/hcp-uw/mosaic/internal/networking/client.go:106.54,115.16 3 0
github.com/hcp-uw/mosaic/internal/networking/client.go:115.16,117.3 1 0
github.com/hcp-uw/mosaic/internal/networking/client.go:120.2,120.51 1 0
github.com/hcp-uw/mosaic/internal/networking/client.go:120.51,122.3 1 0
github.com/hcp-uw/mosaic/internal/networking/client.go:125.2,125.64 1 0
github.com/hcp-uw/mosaic/internal/networking/client.go:129.151,138.16 3 0
github.com/hcp-uw/mosaic/internal/networking/client.go:138.16,140.3 1 0
github.com/hcp-uw/mosaic/internal/networking/client.go:143.2,144.16 2 0
github.com/hcp-uw/mosaic/internal/networking/client.go:144.16,146.3 1 0
github.com/hcp-uw/mosaic/internal/networking/client.go:149.2,157.16 3 0
github.com/hcp-uw/mosaic/internal/networking/client.go:157.16,159.3 1 0
github.com/hcp-uw/mosaic/internal/networking/client.go:162.2,163.40 2 0
github.com/hcp-uw/mosaic/internal/networking/client.go:163.40,164.35 1 0
github.com/hcp-uw/mosaic/internal/networking/client.go:164.35,166.4 1 0
github.com/hcp-uw/mosaic/internal/networking/client.go:170.2,172.23 2 0
github.com/hcp-uw/mosaic/internal/networking/client.go:176.56,185.16 3 1
github.com/hcp-uw/mosaic/internal/networking/client.go:185.16,187.3 1 0
github.com/hcp-uw/mosaic/internal/networking/client.go:189.2,189.30 1 1
github.com/hcp-uw/mosaic/internal/networking/client.go:193.104,203.16 3 1
github.com/hcp-uw/mosaic/internal/networking/client.go:203.16,205.3 1 0
github.com/hcp-uw/mosaic/internal/networking/client.go:207.2,207.47 1 1
github.com/hcp-uw/mosaic/internal/networking/client.go:211.66,213.44 1 1
github.com/hcp-uw/mosaic/internal/networking/client.go:213.44,214.53 1 0
github.com/hcp-uw/mosaic/internal/networking/client.go:214.53,216.4 1 0
github.com/hcp-uw/mosaic/internal/networking/client.go:219.2,219.86 1 1
github.com/hcp-uw/mosaic/internal/networking/client.go:223.62,224.44 1 1
github.com/hcp-uw/mosaic/internal/networking/client.go:224.44,225.53 1 0
github.com/hcp-uw/mosaic/internal/networking/client.go:225.53,227.4 1 0
github.com/hcp-uw/mosaic/internal/networking/client.go:229.2,229.13 1 1
github.com/hcp-uw/mosaic/internal/networking/client.go:233.106,247.16 6 0
github.com/hcp-uw/mosaic/internal/networking/client.go:247.16,249.3 1 0
github.com/hcp-uw/mosaic/internal/networking/client.go:252.2,254.16 2 0
github.com/hcp-uw/mosaic/internal/networking/client.go:254.16,256.3 1 0
github.com/hcp-uw/mosaic/internal/networking/client.go:259.2,259.48 1 0
github.com/hcp-uw/mosaic/internal/networking/client.go:259.48,261.3 1 0
github.com/hcp-uw/mosaic/internal/networking/client.go:264.2,264.61 1 0
github.com/hcp-uw/mosaic/internal/networking/client.go:264.61,266.3 1 0
github.com/hcp-uw/mosaic/internal/networking/client.go:268.2,268.58 1 0
github.com/hcp-uw/mosaic/internal/networking/client.go:268.58,270.3 1 0
github.com/hcp-uw/mosaic/internal/networking/client.go:273.2,281.16 4 0
github.com/hcp-uw/mosaic/internal/networking/client.go:281.16,283.3 1 0
github.com/hcp-uw/mosaic/internal/networking/client.go:285.2,285.12 1 0
github.com/hcp-uw/mosaic/internal/networking/client.go:289.141,298.16 3 0
github.com/hcp-uw/mosaic/internal/networking/client.go:298.16,300.3 1 0
github.com/hcp-uw/mosaic/internal/networking/client.go:303.2,304.16 2 0
github.com/hcp-uw/mosaic/internal/networking/client.go:304.16,306.3 1 0
github.com/hcp-uw/mosaic/internal/networking/client.go:309.2,309.59 1 0
github.com/hcp-uw/mosaic/internal/networking/client.go:309.59,311.3 1 0
github.com/hcp-uw/mosaic/internal/networking/client.go:314.2,315.16 2 0
github.com/hcp-uw/mosaic/internal/networking/client.go:315.16,317.3 1 0
github.com/hcp-uw/mosaic/internal/networking/client.go:320.2,322.33 2 0
github.com/hcp-uw/mosaic/internal/networking/client.go:322.33,325.17 2 0
github.com/hcp-uw/mosaic/internal/networking/client.go:325.17,327.4 1 0
github.com/hcp-uw/mosaic/internal/networking/client.go:329.3,329.54 1 0
github.com/hcp-uw/mosaic/internal/networking/client.go:332.2,335.8 1 0
github.com/hcp-uw/mosaic/internal/networking/client.go:339.88,346.16 3 0
github.com/hcp-uw/mosaic/internal/networking/client.go:346.16,347.52 1 0
github.com/hcp-uw/mosaic/internal/networking/client.go:350.2,350.17 1 0
github.com/hcp-uw/mosaic/internal/networking/client.go:354.144,362.2 2 1
github.com/hcp-uw/mosaic/internal/networking/client.go:367.141,371.2 3 1
github.com/hcp-uw/mosaic/internal/networking/client.go:374.110,377.2 2 1
